2021-06-14 21:30:08.079 INFO  org.hibernate.validator.internal.util.Version     :21   [32m                  [0;39m HV000001: Hibernate Validator 6.1.7.Final
2021-06-14 21:30:08.087 INFO  petfind.config.PetFindApplication                 :55   [32m                  [0;39m Starting PetFindApplication using Java 1.8.0_231 on FARO-ZdeMacBook-Pro.local with PID 14610 (/Users/faro_z/æ–‡ä»¶/åšæœäº‘/ç¼–ç¨‹ä»£ç å­˜å‚¨è·¯å¾„/java/é¡¹ç›®å¼€å‘/å® ç‰©è¯†åˆ«/target/classes started by faro_z in /Users/faro_z/æ–‡ä»¶/åšæœäº‘/ç¼–ç¨‹ä»£ç å­˜å‚¨è·¯å¾„/java/é¡¹ç›®å¼€å‘/å® ç‰©è¯†åˆ«)
2021-06-14 21:30:08.087 INFO  petfind.config.PetFindApplication                 :675  [32m                  [0;39m No active profile set, falling back to default profiles: default
2021-06-14 21:30:08.134 INFO  o.s.b.d.env.DevToolsPropertyDefaultsPostProcessor :255  [32m                  [0;39m Devtools property defaults active! Set 'spring.devtools.add-properties' to 'false' to disable
2021-06-14 21:30:08.135 INFO  o.s.b.d.env.DevToolsPropertyDefaultsPostProcessor :255  [32m                  [0;39m For additional web related logging consider setting the 'logging.level.web' property to 'DEBUG'
2021-06-14 21:30:09.364 INFO  o.s.boot.web.embedded.tomcat.TomcatWebServer      :108  [32m                  [0;39m Tomcat initialized with port(s): 9000 (http)
2021-06-14 21:30:09.373 INFO  org.apache.coyote.http11.Http11NioProtocol        :173  [32m                  [0;39m Initializing ProtocolHandler ["http-nio-9000"]
2021-06-14 21:30:09.374 INFO  org.apache.catalina.core.StandardService          :173  [32m                  [0;39m Starting service [Tomcat]
2021-06-14 21:30:09.374 INFO  org.apache.catalina.core.StandardEngine           :173  [32m                  [0;39m Starting Servlet engine: [Apache Tomcat/9.0.45]
2021-06-14 21:30:09.429 INFO  o.a.c.core.ContainerBase.[Tomcat].[localhost].[/] :173  [32m                  [0;39m Initializing Spring embedded WebApplicationContext
2021-06-14 21:30:09.429 INFO  o.s.b.w.s.c.ServletWebServerApplicationContext    :289  [32m                  [0;39m Root WebApplicationContext: initialization completed in 1293 ms
2021-06-14 21:30:09.979 INFO  o.s.scheduling.concurrent.ThreadPoolTaskExecutor  :181  [32m                  [0;39m Initializing ExecutorService 'applicationTaskExecutor'
2021-06-14 21:30:10.263 INFO  o.s.b.d.autoconfigure.OptionalLiveReloadServer    :58   [32m                  [0;39m LiveReload server is running on port 35729
2021-06-14 21:30:10.282 INFO  org.apache.coyote.http11.Http11NioProtocol        :173  [32m                  [0;39m Starting ProtocolHandler ["http-nio-9000"]
2021-06-14 21:30:10.309 INFO  o.s.boot.web.embedded.tomcat.TomcatWebServer      :220  [32m                  [0;39m Tomcat started on port(s): 9000 (http) with context path ''
2021-06-14 21:30:10.319 INFO  petfind.config.PetFindApplication                 :61   [32m                  [0;39m Started PetFindApplication in 2.751 seconds (JVM running for 3.563)
2021-06-14 21:32:54.656 INFO  o.a.c.core.ContainerBase.[Tomcat].[localhost].[/] :173  [32m                  [0;39m Initializing Spring DispatcherServlet 'dispatcherServlet'
2021-06-14 21:32:54.658 INFO  org.springframework.web.servlet.DispatcherServlet :525  [32m                  [0;39m Initializing Servlet 'dispatcherServlet'
2021-06-14 21:32:54.669 INFO  org.springframework.web.servlet.DispatcherServlet :547  [32m                  [0;39m Completed initialization in 11 ms
2021-06-14 21:32:54.773 INFO  petfind.aspect.LogAspect                          :62   [32m59636186175639552 [0;39m ------------- å¼€å§‹ -------------
2021-06-14 21:32:54.774 INFO  petfind.aspect.LogAspect                          :63   [32m59636186175639552 [0;39m è¯·æ±‚åœ°å€: http://localhost:9000/file/upload POST
2021-06-14 21:32:54.774 INFO  petfind.aspect.LogAspect                          :64   [32m59636186175639552 [0;39m ç±»åæ–¹æ³•: petfind.controller.UploadController.upload
2021-06-14 21:32:54.775 INFO  petfind.aspect.LogAspect                          :65   [32m59636186175639552 [0;39m è¿œç¨‹åœ°å€: 0:0:0:0:0:0:0:1
2021-06-14 21:32:54.936 INFO  petfind.aspect.LogAspect                          :87   [32m59636186175639552 [0;39m è¯·æ±‚å‚æ•°: [null,null]
2021-06-14 21:32:54.963 INFO  petfind.aspect.LogAspect                          :99   [32m59636186175639552 [0;39m è¿”å›ç»“æœ: {"success":true}
2021-06-14 21:32:54.964 INFO  petfind.aspect.LogAspect                          :100  [32m59636186175639552 [0;39m ------------- ç»“æŸ è€—æ—¶ï¼š193 ms -------------
2021-06-14 21:33:13.430 INFO  petfind.aspect.LogAspect                          :62   [32m59636264437157888 [0;39m ------------- å¼€å§‹ -------------
2021-06-14 21:33:13.431 INFO  petfind.aspect.LogAspect                          :63   [32m59636264437157888 [0;39m è¯·æ±‚åœ°å€: http://localhost:9000/file/upload POST
2021-06-14 21:33:13.432 INFO  petfind.aspect.LogAspect                          :64   [32m59636264437157888 [0;39m ç±»åæ–¹æ³•: petfind.controller.UploadController.upload
2021-06-14 21:33:13.432 INFO  petfind.aspect.LogAspect                          :65   [32m59636264437157888 [0;39m è¿œç¨‹åœ°å€: 0:0:0:0:0:0:0:1
2021-06-14 21:33:13.433 INFO  petfind.aspect.LogAspect                          :87   [32m59636264437157888 [0;39m è¯·æ±‚å‚æ•°: [null,null]
2021-06-14 21:33:13.433 INFO  petfind.aspect.LogAspect                          :99   [32m59636264437157888 [0;39m è¿”å›ç»“æœ: {"success":true}
2021-06-14 21:33:13.434 INFO  petfind.aspect.LogAspect                          :100  [32m59636264437157888 [0;39m ------------- ç»“æŸ è€—æ—¶ï¼š4 ms -------------
2021-06-14 21:34:08.749 INFO  petfind.aspect.LogAspect                          :62   [32m59636496457666560 [0;39m ------------- å¼€å§‹ -------------
2021-06-14 21:34:08.753 INFO  petfind.aspect.LogAspect                          :63   [32m59636496457666560 [0;39m è¯·æ±‚åœ°å€: http://localhost:9000/file/upload POST
2021-06-14 21:34:08.753 INFO  petfind.aspect.LogAspect                          :64   [32m59636496457666560 [0;39m ç±»åæ–¹æ³•: petfind.controller.UploadController.upload
2021-06-14 21:34:08.754 INFO  petfind.aspect.LogAspect                          :65   [32m59636496457666560 [0;39m è¿œç¨‹åœ°å€: 0:0:0:0:0:0:0:1
2021-06-14 21:34:08.755 INFO  petfind.aspect.LogAspect                          :87   [32m59636496457666560 [0;39m è¯·æ±‚å‚æ•°: [null,null]
2021-06-14 21:34:08.755 INFO  petfind.aspect.LogAspect                          :99   [32m59636496457666560 [0;39m è¿”å›ç»“æœ: {"success":true}
2021-06-14 21:34:08.755 INFO  petfind.aspect.LogAspect                          :100  [32m59636496457666560 [0;39m ------------- ç»“æŸ è€—æ—¶ï¼š7 ms -------------
2021-06-14 21:34:29.124 INFO  petfind.aspect.LogAspect                          :62   [32m59636581920804864 [0;39m ------------- å¼€å§‹ -------------
2021-06-14 21:34:29.125 INFO  petfind.aspect.LogAspect                          :63   [32m59636581920804864 [0;39m è¯·æ±‚åœ°å€: http://localhost:9000/file/upload POST
2021-06-14 21:34:29.126 INFO  petfind.aspect.LogAspect                          :64   [32m59636581920804864 [0;39m ç±»åæ–¹æ³•: petfind.controller.UploadController.upload
2021-06-14 21:34:29.126 INFO  petfind.aspect.LogAspect                          :65   [32m59636581920804864 [0;39m è¿œç¨‹åœ°å€: 0:0:0:0:0:0:0:1
2021-06-14 21:34:29.127 INFO  petfind.aspect.LogAspect                          :87   [32m59636581920804864 [0;39m è¯·æ±‚å‚æ•°: [null,null]
2021-06-14 21:34:29.128 INFO  petfind.aspect.LogAspect                          :99   [32m59636581920804864 [0;39m è¿”å›ç»“æœ: {"success":true}
2021-06-14 21:34:29.128 INFO  petfind.aspect.LogAspect                          :100  [32m59636581920804864 [0;39m ------------- ç»“æŸ è€—æ—¶ï¼š4 ms -------------
2021-06-14 21:34:52.440 INFO  petfind.aspect.LogAspect                          :62   [32m59636679715196928 [0;39m ------------- å¼€å§‹ -------------
2021-06-14 21:34:52.441 INFO  petfind.aspect.LogAspect                          :63   [32m59636679715196928 [0;39m è¯·æ±‚åœ°å€: http://localhost:9000/file/upload POST
2021-06-14 21:34:52.441 INFO  petfind.aspect.LogAspect                          :64   [32m59636679715196928 [0;39m ç±»åæ–¹æ³•: petfind.controller.UploadController.upload
2021-06-14 21:34:52.442 INFO  petfind.aspect.LogAspect                          :65   [32m59636679715196928 [0;39m è¿œç¨‹åœ°å€: 0:0:0:0:0:0:0:1
2021-06-14 21:34:52.442 INFO  petfind.aspect.LogAspect                          :87   [32m59636679715196928 [0;39m è¯·æ±‚å‚æ•°: [null,null]
2021-06-14 21:34:52.443 INFO  petfind.aspect.LogAspect                          :99   [32m59636679715196928 [0;39m è¿”å›ç»“æœ: {"success":true}
2021-06-14 21:34:52.443 INFO  petfind.aspect.LogAspect                          :100  [32m59636679715196928 [0;39m ------------- ç»“æŸ è€—æ—¶ï¼š3 ms -------------
2021-06-14 21:41:28.210 INFO  petfind.aspect.LogAspect                          :62   [32m59638339694891008 [0;39m ------------- å¼€å§‹ -------------
2021-06-14 21:41:28.214 INFO  petfind.aspect.LogAspect                          :63   [32m59638339694891008 [0;39m è¯·æ±‚åœ°å€: http://localhost:9000/file/upload POST
2021-06-14 21:41:28.215 INFO  petfind.aspect.LogAspect                          :64   [32m59638339694891008 [0;39m ç±»åæ–¹æ³•: petfind.controller.UploadController.upload
2021-06-14 21:41:28.215 INFO  petfind.aspect.LogAspect                          :65   [32m59638339694891008 [0;39m è¿œç¨‹åœ°å€: 0:0:0:0:0:0:0:1
2021-06-14 21:41:28.216 INFO  petfind.aspect.LogAspect                          :87   [32m59638339694891008 [0;39m è¯·æ±‚å‚æ•°: [null,null]
2021-06-14 21:41:28.216 INFO  petfind.aspect.LogAspect                          :99   [32m59638339694891008 [0;39m è¿”å›ç»“æœ: {"success":true}
2021-06-14 21:41:28.217 INFO  petfind.aspect.LogAspect                          :100  [32m59638339694891008 [0;39m ------------- ç»“æŸ è€—æ—¶ï¼š8 ms -------------
2021-06-14 21:42:28.151 INFO  petfind.aspect.LogAspect                          :62   [32m59638591105667072 [0;39m ------------- å¼€å§‹ -------------
2021-06-14 21:42:28.152 INFO  petfind.aspect.LogAspect                          :63   [32m59638591105667072 [0;39m è¯·æ±‚åœ°å€: http://localhost:9000/file/upload POST
2021-06-14 21:42:28.152 INFO  petfind.aspect.LogAspect                          :64   [32m59638591105667072 [0;39m ç±»åæ–¹æ³•: petfind.controller.UploadController.upload
2021-06-14 21:42:28.153 INFO  petfind.aspect.LogAspect                          :65   [32m59638591105667072 [0;39m è¿œç¨‹åœ°å€: 0:0:0:0:0:0:0:1
2021-06-14 21:42:28.154 INFO  petfind.aspect.LogAspect                          :87   [32m59638591105667072 [0;39m è¯·æ±‚å‚æ•°: [null,null]
2021-06-14 21:42:28.155 INFO  petfind.aspect.LogAspect                          :99   [32m59638591105667072 [0;39m è¿”å›ç»“æœ: {"success":true}
2021-06-14 21:42:28.155 INFO  petfind.aspect.LogAspect                          :100  [32m59638591105667072 [0;39m ------------- ç»“æŸ è€—æ—¶ï¼š4 ms -------------
2021-06-14 21:42:53.457 INFO  petfind.aspect.LogAspect                          :62   [32m59638697246724096 [0;39m ------------- å¼€å§‹ -------------
2021-06-14 21:42:53.458 INFO  petfind.aspect.LogAspect                          :63   [32m59638697246724096 [0;39m è¯·æ±‚åœ°å€: http://localhost:9000/file/upload POST
2021-06-14 21:42:53.458 INFO  petfind.aspect.LogAspect                          :64   [32m59638697246724096 [0;39m ç±»åæ–¹æ³•: petfind.controller.UploadController.upload
2021-06-14 21:42:53.459 INFO  petfind.aspect.LogAspect                          :65   [32m59638697246724096 [0;39m è¿œç¨‹åœ°å€: 0:0:0:0:0:0:0:1
2021-06-14 21:42:53.460 INFO  petfind.aspect.LogAspect                          :87   [32m59638697246724096 [0;39m è¯·æ±‚å‚æ•°: [null,null]
2021-06-14 21:42:53.460 INFO  petfind.aspect.LogAspect                          :99   [32m59638697246724096 [0;39m è¿”å›ç»“æœ: {"success":true}
2021-06-14 21:42:53.461 INFO  petfind.aspect.LogAspect                          :100  [32m59638697246724096 [0;39m ------------- ç»“æŸ è€—æ—¶ï¼š4 ms -------------
