2021-04-21 00:02:38.366 INFO  o.a.c.core.ContainerBase.[Tomcat].[localhost].[/] :173  [32m                  [0;39m Initializing Spring DispatcherServlet 'dispatcherServlet'
2021-04-21 00:02:38.383 INFO  org.springframework.web.servlet.DispatcherServlet :525  [32m                  [0;39m Initializing Servlet 'dispatcherServlet'
2021-04-21 00:02:38.421 INFO  org.springframework.web.servlet.DispatcherServlet :547  [32m                  [0;39m Completed initialization in 36 ms
2021-04-21 00:02:38.510 INFO  petfind.aspect.LogAspect                          :62   [32m39742534091673600 [0;39m ------------- å¼€å§‹ -------------
2021-04-21 00:02:38.511 INFO  petfind.aspect.LogAspect                          :63   [32m39742534091673600 [0;39m è¯·æ±‚åœ°å€: http://127.0.0.1:9000/pic/save POST
2021-04-21 00:02:38.512 INFO  petfind.aspect.LogAspect                          :64   [32m39742534091673600 [0;39m ç±»åæ–¹æ³•: petfind.controller.PicController.save
2021-04-21 00:02:38.512 INFO  petfind.aspect.LogAspect                          :65   [32m39742534091673600 [0;39m è¿œç¨‹åœ°å€: 127.0.0.1
2021-04-21 00:02:38.612 INFO  petfind.aspect.LogAspect                          :87   [32m39742534091673600 [0;39m è¯·æ±‚å‚æ•°: []
2021-04-21 00:02:38.626 INFO  petfind.controller.PicController                  :39   [32m39742534091673600 [0;39m è§¦å‘ä¸Šä¼ æ¥å£
2021-04-21 00:02:38.654 INFO  petfind.aspect.LogAspect                          :99   [32m39742534091673600 [0;39m è¿”å›ç»“æœ: {"success":true}
2021-04-21 00:02:38.654 INFO  petfind.aspect.LogAspect                          :100  [32m39742534091673600 [0;39m ------------- ç»“æŸ è€—æ—¶ï¼š146 ms -------------
2021-04-21 00:02:41.485 INFO  petfind.aspect.LogAspect                          :62   [32m39742546578116608 [0;39m ------------- å¼€å§‹ -------------
2021-04-21 00:02:41.486 INFO  petfind.aspect.LogAspect                          :63   [32m39742546578116608 [0;39m è¯·æ±‚åœ°å€: http://127.0.0.1:9000/pic/save POST
2021-04-21 00:02:41.486 INFO  petfind.aspect.LogAspect                          :64   [32m39742546578116608 [0;39m ç±»åæ–¹æ³•: petfind.controller.PicController.save
2021-04-21 00:02:41.487 INFO  petfind.aspect.LogAspect                          :65   [32m39742546578116608 [0;39m è¿œç¨‹åœ°å€: 127.0.0.1
2021-04-21 00:02:41.487 INFO  petfind.aspect.LogAspect                          :87   [32m39742546578116608 [0;39m è¯·æ±‚å‚æ•°: []
2021-04-21 00:02:41.487 INFO  petfind.controller.PicController                  :39   [32m39742546578116608 [0;39m è§¦å‘ä¸Šä¼ æ¥å£
2021-04-21 00:02:41.488 INFO  petfind.aspect.LogAspect                          :99   [32m39742546578116608 [0;39m è¿”å›ç»“æœ: {"success":true}
2021-04-21 00:02:41.488 INFO  petfind.aspect.LogAspect                          :100  [32m39742546578116608 [0;39m ------------- ç»“æŸ è€—æ—¶ï¼š3 ms -------------
2021-04-21 00:02:42.658 INFO  petfind.aspect.LogAspect                          :62   [32m39742551498035200 [0;39m ------------- å¼€å§‹ -------------
2021-04-21 00:02:42.658 INFO  petfind.aspect.LogAspect                          :63   [32m39742551498035200 [0;39m è¯·æ±‚åœ°å€: http://127.0.0.1:9000/pic/save POST
2021-04-21 00:02:42.659 INFO  petfind.aspect.LogAspect                          :64   [32m39742551498035200 [0;39m ç±»åæ–¹æ³•: petfind.controller.PicController.save
2021-04-21 00:02:42.659 INFO  petfind.aspect.LogAspect                          :65   [32m39742551498035200 [0;39m è¿œç¨‹åœ°å€: 127.0.0.1
2021-04-21 00:02:42.660 INFO  petfind.aspect.LogAspect                          :87   [32m39742551498035200 [0;39m è¯·æ±‚å‚æ•°: []
2021-04-21 00:02:42.660 INFO  petfind.controller.PicController                  :39   [32m39742551498035200 [0;39m è§¦å‘ä¸Šä¼ æ¥å£
2021-04-21 00:02:42.661 INFO  petfind.aspect.LogAspect                          :99   [32m39742551498035200 [0;39m è¿”å›ç»“æœ: {"success":true}
2021-04-21 00:02:42.661 INFO  petfind.aspect.LogAspect                          :100  [32m39742551498035200 [0;39m ------------- ç»“æŸ è€—æ—¶ï¼š3 ms -------------
2021-04-21 00:02:47.718 INFO  petfind.aspect.LogAspect                          :62   [32m39742572721213440 [0;39m ------------- å¼€å§‹ -------------
2021-04-21 00:02:47.719 INFO  petfind.aspect.LogAspect                          :63   [32m39742572721213440 [0;39m è¯·æ±‚åœ°å€: http://127.0.0.1:9000/pic/save POST
2021-04-21 00:02:47.721 INFO  petfind.aspect.LogAspect                          :64   [32m39742572721213440 [0;39m ç±»åæ–¹æ³•: petfind.controller.PicController.save
2021-04-21 00:02:47.721 INFO  petfind.aspect.LogAspect                          :65   [32m39742572721213440 [0;39m è¿œç¨‹åœ°å€: 127.0.0.1
2021-04-21 00:02:47.721 INFO  petfind.aspect.LogAspect                          :87   [32m39742572721213440 [0;39m è¯·æ±‚å‚æ•°: []
2021-04-21 00:02:47.722 INFO  petfind.controller.PicController                  :39   [32m39742572721213440 [0;39m è§¦å‘ä¸Šä¼ æ¥å£
2021-04-21 00:02:47.722 INFO  petfind.aspect.LogAspect                          :99   [32m39742572721213440 [0;39m è¿”å›ç»“æœ: {"success":true}
2021-04-21 00:02:47.723 INFO  petfind.aspect.LogAspect                          :100  [32m39742572721213440 [0;39m ------------- ç»“æŸ è€—æ—¶ï¼š5 ms -------------
2021-04-21 00:02:59.716 INFO  petfind.aspect.LogAspect                          :62   [32m39742623044472832 [0;39m ------------- å¼€å§‹ -------------
2021-04-21 00:02:59.716 INFO  petfind.aspect.LogAspect                          :63   [32m39742623044472832 [0;39m è¯·æ±‚åœ°å€: http://127.0.0.1:9000/pic/save POST
2021-04-21 00:02:59.717 INFO  petfind.aspect.LogAspect                          :64   [32m39742623044472832 [0;39m ç±»åæ–¹æ³•: petfind.controller.PicController.save
2021-04-21 00:02:59.717 INFO  petfind.aspect.LogAspect                          :65   [32m39742623044472832 [0;39m è¿œç¨‹åœ°å€: 127.0.0.1
2021-04-21 00:02:59.717 INFO  petfind.aspect.LogAspect                          :87   [32m39742623044472832 [0;39m è¯·æ±‚å‚æ•°: []
2021-04-21 00:02:59.718 INFO  petfind.controller.PicController                  :39   [32m39742623044472832 [0;39m è§¦å‘ä¸Šä¼ æ¥å£
2021-04-21 00:02:59.718 INFO  petfind.aspect.LogAspect                          :99   [32m39742623044472832 [0;39m è¿”å›ç»“æœ: {"success":true}
2021-04-21 00:02:59.718 INFO  petfind.aspect.LogAspect                          :100  [32m39742623044472832 [0;39m ------------- ç»“æŸ è€—æ—¶ï¼š2 ms -------------
2021-04-21 00:03:15.728 INFO  petfind.aspect.LogAspect                          :62   [32m39742690203668480 [0;39m ------------- å¼€å§‹ -------------
2021-04-21 00:03:15.728 INFO  petfind.aspect.LogAspect                          :63   [32m39742690203668480 [0;39m è¯·æ±‚åœ°å€: http://127.0.0.1:9000/pic/save POST
2021-04-21 00:03:15.729 INFO  petfind.aspect.LogAspect                          :64   [32m39742690203668480 [0;39m ç±»åæ–¹æ³•: petfind.controller.PicController.save
2021-04-21 00:03:15.729 INFO  petfind.aspect.LogAspect                          :65   [32m39742690203668480 [0;39m è¿œç¨‹åœ°å€: 127.0.0.1
2021-04-21 00:03:15.729 INFO  petfind.aspect.LogAspect                          :87   [32m39742690203668480 [0;39m è¯·æ±‚å‚æ•°: []
2021-04-21 00:03:15.730 INFO  petfind.controller.PicController                  :39   [32m39742690203668480 [0;39m è§¦å‘ä¸Šä¼ æ¥å£
2021-04-21 00:03:15.730 INFO  petfind.aspect.LogAspect                          :99   [32m39742690203668480 [0;39m è¿”å›ç»“æœ: {"success":true}
2021-04-21 00:03:15.731 INFO  petfind.aspect.LogAspect                          :100  [32m39742690203668480 [0;39m ------------- ç»“æŸ è€—æ—¶ï¼š3 ms -------------
2021-04-21 00:03:21.471 INFO  petfind.aspect.LogAspect                          :62   [32m39742714291556352 [0;39m ------------- å¼€å§‹ -------------
2021-04-21 00:03:21.472 INFO  petfind.aspect.LogAspect                          :63   [32m39742714291556352 [0;39m è¯·æ±‚åœ°å€: http://127.0.0.1:9000/pic/save POST
2021-04-21 00:03:21.472 INFO  petfind.aspect.LogAspect                          :64   [32m39742714291556352 [0;39m ç±»åæ–¹æ³•: petfind.controller.PicController.save
2021-04-21 00:03:21.473 INFO  petfind.aspect.LogAspect                          :65   [32m39742714291556352 [0;39m è¿œç¨‹åœ°å€: 127.0.0.1
2021-04-21 00:03:21.473 INFO  petfind.aspect.LogAspect                          :87   [32m39742714291556352 [0;39m è¯·æ±‚å‚æ•°: []
2021-04-21 00:03:21.473 INFO  petfind.controller.PicController                  :39   [32m39742714291556352 [0;39m è§¦å‘ä¸Šä¼ æ¥å£
2021-04-21 00:03:21.474 INFO  petfind.aspect.LogAspect                          :99   [32m39742714291556352 [0;39m è¿”å›ç»“æœ: {"success":true}
2021-04-21 00:03:21.474 INFO  petfind.aspect.LogAspect                          :100  [32m39742714291556352 [0;39m ------------- ç»“æŸ è€—æ—¶ï¼š3 ms -------------
2021-04-21 00:03:47.032 INFO  petfind.aspect.LogAspect                          :62   [32m39742821502160896 [0;39m ------------- å¼€å§‹ -------------
2021-04-21 00:03:47.033 INFO  petfind.aspect.LogAspect                          :63   [32m39742821502160896 [0;39m è¯·æ±‚åœ°å€: http://127.0.0.1:9000/pic/save POST
2021-04-21 00:03:47.033 INFO  petfind.aspect.LogAspect                          :64   [32m39742821502160896 [0;39m ç±»åæ–¹æ³•: petfind.controller.PicController.save
2021-04-21 00:03:47.033 INFO  petfind.aspect.LogAspect                          :65   [32m39742821502160896 [0;39m è¿œç¨‹åœ°å€: 127.0.0.1
2021-04-21 00:03:47.033 INFO  petfind.aspect.LogAspect                          :87   [32m39742821502160896 [0;39m è¯·æ±‚å‚æ•°: []
2021-04-21 00:03:47.034 INFO  petfind.controller.PicController                  :39   [32m39742821502160896 [0;39m è§¦å‘ä¸Šä¼ æ¥å£
2021-04-21 00:03:47.034 INFO  petfind.aspect.LogAspect                          :99   [32m39742821502160896 [0;39m è¿”å›ç»“æœ: {"success":true}
2021-04-21 00:03:47.034 INFO  petfind.aspect.LogAspect                          :100  [32m39742821502160896 [0;39m ------------- ç»“æŸ è€—æ—¶ï¼š2 ms -------------
2021-04-21 00:04:59.158 INFO  petfind.aspect.LogAspect                          :62   [32m39743124020531200 [0;39m ------------- å¼€å§‹ -------------
2021-04-21 00:04:59.159 INFO  petfind.aspect.LogAspect                          :63   [32m39743124020531200 [0;39m è¯·æ±‚åœ°å€: http://127.0.0.1:9000/pic/save POST
2021-04-21 00:04:59.159 INFO  petfind.aspect.LogAspect                          :64   [32m39743124020531200 [0;39m ç±»åæ–¹æ³•: petfind.controller.PicController.save
2021-04-21 00:04:59.160 INFO  petfind.aspect.LogAspect                          :65   [32m39743124020531200 [0;39m è¿œç¨‹åœ°å€: 127.0.0.1
2021-04-21 00:04:59.160 INFO  petfind.aspect.LogAspect                          :87   [32m39743124020531200 [0;39m è¯·æ±‚å‚æ•°: []
2021-04-21 00:04:59.160 INFO  petfind.controller.PicController                  :39   [32m39743124020531200 [0;39m è§¦å‘ä¸Šä¼ æ¥å£
2021-04-21 00:04:59.161 INFO  petfind.aspect.LogAspect                          :99   [32m39743124020531200 [0;39m è¿”å›ç»“æœ: {"success":true}
2021-04-21 00:04:59.161 INFO  petfind.aspect.LogAspect                          :100  [32m39743124020531200 [0;39m ------------- ç»“æŸ è€—æ—¶ï¼š3 ms -------------
2021-04-21 00:05:50.733 INFO  o.s.scheduling.concurrent.ThreadPoolTaskExecutor  :218  [32m                  [0;39m Shutting down ExecutorService 'applicationTaskExecutor'
2021-04-21 00:05:53.653 INFO  org.hibernate.validator.internal.util.Version     :21   [32m                  [0;39m HV000001: Hibernate Validator 6.1.7.Final
2021-04-21 00:05:53.658 INFO  petfind.config.PetFindApplication                 :55   [32m                  [0;39m Starting PetFindApplication using Java 1.8.0_231 on FARO-ZdeMacBook-Pro.local with PID 46986 (/Users/faro_z/æ–‡ä»¶/åšæœäº‘/ç¼–ç¨‹ä»£ç å­˜å‚¨è·¯å¾„/java/é¡¹ç›®å¼€å‘/å® ç‰©è¯†åˆ«/target/classes started by faro_z in /Users/faro_z/æ–‡ä»¶/åšæœäº‘/ç¼–ç¨‹ä»£ç å­˜å‚¨è·¯å¾„/java/é¡¹ç›®å¼€å‘/å® ç‰©è¯†åˆ«)
2021-04-21 00:05:53.659 INFO  petfind.config.PetFindApplication                 :675  [32m                  [0;39m No active profile set, falling back to default profiles: default
2021-04-21 00:05:53.695 INFO  o.s.b.d.env.DevToolsPropertyDefaultsPostProcessor :255  [32m                  [0;39m Devtools property defaults active! Set 'spring.devtools.add-properties' to 'false' to disable
2021-04-21 00:05:53.695 INFO  o.s.b.d.env.DevToolsPropertyDefaultsPostProcessor :255  [32m                  [0;39m For additional web related logging consider setting the 'logging.level.web' property to 'DEBUG'
2021-04-21 00:05:54.801 INFO  o.s.boot.web.embedded.tomcat.TomcatWebServer      :108  [32m                  [0;39m Tomcat initialized with port(s): 9000 (http)
2021-04-21 00:05:54.808 INFO  org.apache.coyote.http11.Http11NioProtocol        :173  [32m                  [0;39m Initializing ProtocolHandler ["http-nio-9000"]
2021-04-21 00:05:54.809 INFO  org.apache.catalina.core.StandardService          :173  [32m                  [0;39m Starting service [Tomcat]
2021-04-21 00:05:54.809 INFO  org.apache.catalina.core.StandardEngine           :173  [32m                  [0;39m Starting Servlet engine: [Apache Tomcat/9.0.45]
2021-04-21 00:05:54.859 INFO  o.a.c.core.ContainerBase.[Tomcat].[localhost].[/] :173  [32m                  [0;39m Initializing Spring embedded WebApplicationContext
2021-04-21 00:05:54.860 INFO  o.s.b.w.s.c.ServletWebServerApplicationContext    :289  [32m                  [0;39m Root WebApplicationContext: initialization completed in 1164 ms
2021-04-21 00:05:55.398 INFO  o.s.scheduling.concurrent.ThreadPoolTaskExecutor  :181  [32m                  [0;39m Initializing ExecutorService 'applicationTaskExecutor'
2021-04-21 00:05:55.633 INFO  o.s.b.d.autoconfigure.OptionalLiveReloadServer    :58   [32m                  [0;39m LiveReload server is running on port 35729
2021-04-21 00:05:55.649 INFO  org.apache.coyote.http11.Http11NioProtocol        :173  [32m                  [0;39m Starting ProtocolHandler ["http-nio-9000"]
2021-04-21 00:05:55.719 INFO  o.s.boot.web.embedded.tomcat.TomcatWebServer      :220  [32m                  [0;39m Tomcat started on port(s): 9000 (http) with context path ''
2021-04-21 00:05:55.736 INFO  petfind.config.PetFindApplication                 :61   [32m                  [0;39m Started PetFindApplication in 2.413 seconds (JVM running for 2.932)
2021-04-21 00:06:02.987 INFO  o.a.c.core.ContainerBase.[Tomcat].[localhost].[/] :173  [32m                  [0;39m Initializing Spring DispatcherServlet 'dispatcherServlet'
2021-04-21 00:06:02.988 INFO  org.springframework.web.servlet.DispatcherServlet :525  [32m                  [0;39m Initializing Servlet 'dispatcherServlet'
2021-04-21 00:06:02.989 INFO  org.springframework.web.servlet.DispatcherServlet :547  [32m                  [0;39m Completed initialization in 1 ms
2021-04-21 00:06:03.017 INFO  petfind.aspect.LogAspect                          :62   [32m39743391860396032 [0;39m ------------- å¼€å§‹ -------------
2021-04-21 00:06:03.018 INFO  petfind.aspect.LogAspect                          :63   [32m39743391860396032 [0;39m è¯·æ±‚åœ°å€: http://127.0.0.1:9000/pic/save POST
2021-04-21 00:06:03.018 INFO  petfind.aspect.LogAspect                          :64   [32m39743391860396032 [0;39m ç±»åæ–¹æ³•: petfind.controller.PicController.save
2021-04-21 00:06:03.018 INFO  petfind.aspect.LogAspect                          :65   [32m39743391860396032 [0;39m è¿œç¨‹åœ°å€: 127.0.0.1
2021-04-21 00:06:03.050 INFO  petfind.aspect.LogAspect                          :87   [32m39743391860396032 [0;39m è¯·æ±‚å‚æ•°: []
2021-04-21 00:06:03.055 INFO  petfind.controller.PicController                  :39   [32m39743391860396032 [0;39m è§¦å‘ä¸Šä¼ æ¥å£
2021-04-21 00:06:03.069 INFO  petfind.aspect.LogAspect                          :99   [32m39743391860396032 [0;39m è¿”å›ç»“æœ: {"success":true}
2021-04-21 00:06:03.070 INFO  petfind.aspect.LogAspect                          :100  [32m39743391860396032 [0;39m ------------- ç»“æŸ è€—æ—¶ï¼š54 ms -------------
2021-04-21 09:15:22.088 INFO  o.s.scheduling.concurrent.ThreadPoolTaskExecutor  :218  [32m                  [0;39m Shutting down ExecutorService 'applicationTaskExecutor'
2021-04-21 09:15:26.241 INFO  org.hibernate.validator.internal.util.Version     :21   [32m                  [0;39m HV000001: Hibernate Validator 6.1.7.Final
2021-04-21 09:15:26.259 INFO  petfind.config.PetFindApplication                 :55   [32m                  [0;39m Starting PetFindApplication using Java 1.8.0_231 on FARO-ZdeMacBook-Pro.local with PID 53278 (/Users/faro_z/æ–‡ä»¶/åšæœäº‘/ç¼–ç¨‹ä»£ç å­˜å‚¨è·¯å¾„/java/é¡¹ç›®å¼€å‘/å® ç‰©è¯†åˆ«/target/classes started by faro_z in /Users/faro_z/æ–‡ä»¶/åšæœäº‘/ç¼–ç¨‹ä»£ç å­˜å‚¨è·¯å¾„/java/é¡¹ç›®å¼€å‘/å® ç‰©è¯†åˆ«)
2021-04-21 09:15:26.260 INFO  petfind.config.PetFindApplication                 :675  [32m                  [0;39m No active profile set, falling back to default profiles: default
2021-04-21 09:15:26.308 INFO  o.s.b.d.env.DevToolsPropertyDefaultsPostProcessor :255  [32m                  [0;39m Devtools property defaults active! Set 'spring.devtools.add-properties' to 'false' to disable
2021-04-21 09:15:26.308 INFO  o.s.b.d.env.DevToolsPropertyDefaultsPostProcessor :255  [32m                  [0;39m For additional web related logging consider setting the 'logging.level.web' property to 'DEBUG'
2021-04-21 09:15:27.930 INFO  o.s.boot.web.embedded.tomcat.TomcatWebServer      :108  [32m                  [0;39m Tomcat initialized with port(s): 9000 (http)
2021-04-21 09:15:27.945 INFO  org.apache.coyote.http11.Http11NioProtocol        :173  [32m                  [0;39m Initializing ProtocolHandler ["http-nio-9000"]
2021-04-21 09:15:27.946 INFO  org.apache.catalina.core.StandardService          :173  [32m                  [0;39m Starting service [Tomcat]
2021-04-21 09:15:27.946 INFO  org.apache.catalina.core.StandardEngine           :173  [32m                  [0;39m Starting Servlet engine: [Apache Tomcat/9.0.45]
2021-04-21 09:15:28.025 INFO  o.a.c.core.ContainerBase.[Tomcat].[localhost].[/] :173  [32m                  [0;39m Initializing Spring embedded WebApplicationContext
2021-04-21 09:15:28.025 INFO  o.s.b.w.s.c.ServletWebServerApplicationContext    :289  [32m                  [0;39m Root WebApplicationContext: initialization completed in 1716 ms
2021-04-21 09:15:28.757 INFO  o.s.scheduling.concurrent.ThreadPoolTaskExecutor  :181  [32m                  [0;39m Initializing ExecutorService 'applicationTaskExecutor'
2021-04-21 09:15:29.212 INFO  o.s.b.d.autoconfigure.OptionalLiveReloadServer    :58   [32m                  [0;39m LiveReload server is running on port 35729
2021-04-21 09:15:29.243 INFO  org.apache.coyote.http11.Http11NioProtocol        :173  [32m                  [0;39m Starting ProtocolHandler ["http-nio-9000"]
2021-04-21 09:15:29.301 INFO  o.s.boot.web.embedded.tomcat.TomcatWebServer      :220  [32m                  [0;39m Tomcat started on port(s): 9000 (http) with context path ''
2021-04-21 09:15:29.315 INFO  petfind.config.PetFindApplication                 :61   [32m                  [0;39m Started PetFindApplication in 3.772 seconds (JVM running for 4.674)
2021-04-21 10:27:32.127 INFO  o.s.scheduling.concurrent.ThreadPoolTaskExecutor  :218  [32m                  [0;39m Shutting down ExecutorService 'applicationTaskExecutor'
