2021-06-16 00:56:35.039 WARN  com.zaxxer.hikari.pool.HikariPool                 :787  [32m                  [0;39m HikariPool-1 - Thread starvation or clock leap detected (housekeeper delta=1h7m12s388ms).
2021-06-16 01:13:14.108 WARN  com.zaxxer.hikari.pool.HikariPool                 :787  [32m                  [0;39m HikariPool-1 - Thread starvation or clock leap detected (housekeeper delta=16m9s38ms).
2021-06-16 01:48:08.780 WARN  com.zaxxer.hikari.pool.HikariPool                 :787  [32m                  [0;39m HikariPool-1 - Thread starvation or clock leap detected (housekeeper delta=15m54s547ms).
2021-06-16 02:05:38.815 WARN  com.zaxxer.hikari.pool.HikariPool                 :787  [32m                  [0;39m HikariPool-1 - Thread starvation or clock leap detected (housekeeper delta=17m19ms).
2021-06-16 03:51:54.050 WARN  com.zaxxer.hikari.pool.HikariPool                 :787  [32m                  [0;39m HikariPool-1 - Thread starvation or clock leap detected (housekeeper delta=1h45m45s214ms).
2021-06-16 04:41:33.466 WARN  com.zaxxer.hikari.pool.HikariPool                 :787  [32m                  [0;39m HikariPool-1 - Thread starvation or clock leap detected (housekeeper delta=49m39s420ms).
2021-06-16 06:42:25.772 WARN  com.zaxxer.hikari.pool.HikariPool                 :787  [32m                  [0;39m HikariPool-1 - Thread starvation or clock leap detected (housekeeper delta=2h22s270ms).
2021-06-16 07:39:05.101 WARN  com.zaxxer.hikari.pool.HikariPool                 :787  [32m                  [0;39m HikariPool-1 - Thread starvation or clock leap detected (housekeeper delta=56m9s345ms).
2021-06-16 09:39:57.413 WARN  com.zaxxer.hikari.pool.HikariPool                 :787  [32m                  [0;39m HikariPool-1 - Thread starvation or clock leap detected (housekeeper delta=2h22s360ms).
2021-06-16 10:33:59.434 WARN  com.zaxxer.hikari.pool.HikariPool                 :787  [32m                  [0;39m HikariPool-1 - Thread starvation or clock leap detected (housekeeper delta=53m31s228ms).
2021-06-16 10:38:50.204 WARN  com.zaxxer.hikari.pool.HikariPool                 :787  [32m                  [0;39m HikariPool-1 - Thread starvation or clock leap detected (housekeeper delta=4m20s761ms).
2021-06-16 10:39:20.029 WARN  com.zaxxer.hikari.pool.HikariPool                 :779  [32m                  [0;39m HikariPool-1 - Retrograde clock change detected (housekeeper delta=29s819ms), soft-evicting connections from pool.
2021-06-16 11:17:30.080 WARN  com.zaxxer.hikari.pool.HikariPool                 :787  [32m                  [0;39m HikariPool-1 - Thread starvation or clock leap detected (housekeeper delta=18m5s692ms).
2021-06-16 11:28:45.972 INFO  petfind.aspect.LogAspect                          :62   [32m60208923420004352 [0;39m ------------- 开始 -------------
2021-06-16 11:28:45.976 INFO  petfind.aspect.LogAspect                          :63   [32m60208923420004352 [0;39m 请求地址: http://127.0.0.1:9000/user/login POST
2021-06-16 11:28:45.976 INFO  petfind.aspect.LogAspect                          :64   [32m60208923420004352 [0;39m 类名方法: petfind.controller.UserController.login
2021-06-16 11:28:45.977 INFO  petfind.aspect.LogAspect                          :65   [32m60208923420004352 [0;39m 远程地址: 127.0.0.1
2021-06-16 11:28:45.992 INFO  petfind.aspect.LogAspect                          :87   [32m60208923420004352 [0;39m 请求参数: [{"loginname":"admin"},null]
2021-06-16 11:28:46.491 INFO  petfind.aspect.LogAspect                          :99   [32m60208923420004352 [0;39m 返回结果: {"content":{"email":"123@qq.com","id":1,"loginname":"admin","realname":"管理员"},"success":true}
2021-06-16 11:28:46.492 INFO  petfind.aspect.LogAspect                          :100  [32m60208923420004352 [0;39m ------------- 结束 耗时：521 ms -------------
2021-06-16 11:41:55.929 INFO  petfind.aspect.LogAspect                          :62   [32m60212236744003584 [0;39m ------------- 开始 -------------
2021-06-16 11:41:55.944 INFO  petfind.aspect.LogAspect                          :63   [32m60212236744003584 [0;39m 请求地址: http://127.0.0.1:9000/user/login POST
2021-06-16 11:41:55.945 INFO  petfind.aspect.LogAspect                          :64   [32m60212236744003584 [0;39m 类名方法: petfind.controller.UserController.login
2021-06-16 11:41:55.945 INFO  petfind.aspect.LogAspect                          :65   [32m60212236744003584 [0;39m 远程地址: 127.0.0.1
2021-06-16 11:41:55.946 INFO  petfind.aspect.LogAspect                          :87   [32m60212236744003584 [0;39m 请求参数: [{"loginname":"admin"},null]
2021-06-16 11:41:55.981 WARN  com.zaxxer.hikari.pool.PoolBase                   :184  [32m60212236744003584 [0;39m HikariPool-1 - Failed to validate connection com.mysql.cj.jdbc.ConnectionImpl@4e3e682d (No operations allowed after connection closed.). Possibly consider using a shorter maxLifetime value.
2021-06-16 11:41:55.991 WARN  com.zaxxer.hikari.pool.PoolBase                   :184  [32m60212236744003584 [0;39m HikariPool-1 - Failed to validate connection com.mysql.cj.jdbc.ConnectionImpl@6f7bd3be (No operations allowed after connection closed.). Possibly consider using a shorter maxLifetime value.
2021-06-16 11:41:55.993 WARN  com.zaxxer.hikari.pool.PoolBase                   :184  [32m60212236744003584 [0;39m HikariPool-1 - Failed to validate connection com.mysql.cj.jdbc.ConnectionImpl@46cc5bbf (No operations allowed after connection closed.). Possibly consider using a shorter maxLifetime value.
2021-06-16 11:41:55.997 WARN  com.zaxxer.hikari.pool.PoolBase                   :184  [32m60212236744003584 [0;39m HikariPool-1 - Failed to validate connection com.mysql.cj.jdbc.ConnectionImpl@5ede3812 (No operations allowed after connection closed.). Possibly consider using a shorter maxLifetime value.
2021-06-16 11:41:56.001 WARN  com.zaxxer.hikari.pool.PoolBase                   :184  [32m60212236744003584 [0;39m HikariPool-1 - Failed to validate connection com.mysql.cj.jdbc.ConnectionImpl@3e83eebc (No operations allowed after connection closed.). Possibly consider using a shorter maxLifetime value.
2021-06-16 11:41:56.003 WARN  com.zaxxer.hikari.pool.PoolBase                   :184  [32m60212236744003584 [0;39m HikariPool-1 - Failed to validate connection com.mysql.cj.jdbc.ConnectionImpl@f542cf1 (No operations allowed after connection closed.). Possibly consider using a shorter maxLifetime value.
2021-06-16 11:41:56.009 WARN  com.zaxxer.hikari.pool.PoolBase                   :184  [32m60212236744003584 [0;39m HikariPool-1 - Failed to validate connection com.mysql.cj.jdbc.ConnectionImpl@2be19f07 (No operations allowed after connection closed.). Possibly consider using a shorter maxLifetime value.
2021-06-16 11:41:56.011 WARN  com.zaxxer.hikari.pool.PoolBase                   :184  [32m60212236744003584 [0;39m HikariPool-1 - Failed to validate connection com.mysql.cj.jdbc.ConnectionImpl@4503cc1 (No operations allowed after connection closed.). Possibly consider using a shorter maxLifetime value.
2021-06-16 11:41:56.023 WARN  com.zaxxer.hikari.pool.PoolBase                   :184  [32m60212236744003584 [0;39m HikariPool-1 - Failed to validate connection com.mysql.cj.jdbc.ConnectionImpl@b1a571c (No operations allowed after connection closed.). Possibly consider using a shorter maxLifetime value.
2021-06-16 11:41:56.026 WARN  com.zaxxer.hikari.pool.PoolBase                   :184  [32m60212236744003584 [0;39m HikariPool-1 - Failed to validate connection com.mysql.cj.jdbc.ConnectionImpl@2ca4f8df (No operations allowed after connection closed.). Possibly consider using a shorter maxLifetime value.
2021-06-16 11:41:56.302 INFO  petfind.aspect.LogAspect                          :99   [32m60212236744003584 [0;39m 返回结果: {"content":{"email":"123@qq.com","id":1,"loginname":"admin","realname":"管理员"},"success":true}
2021-06-16 11:41:56.302 INFO  petfind.aspect.LogAspect                          :100  [32m60212236744003584 [0;39m ------------- 结束 耗时：373 ms -------------
2021-06-16 11:42:51.414 INFO  petfind.aspect.LogAspect                          :62   [32m60212469452378112 [0;39m ------------- 开始 -------------
2021-06-16 11:42:51.415 INFO  petfind.aspect.LogAspect                          :63   [32m60212469452378112 [0;39m 请求地址: http://127.0.0.1:9000/user/login POST
2021-06-16 11:42:51.415 INFO  petfind.aspect.LogAspect                          :64   [32m60212469452378112 [0;39m 类名方法: petfind.controller.UserController.login
2021-06-16 11:42:51.416 INFO  petfind.aspect.LogAspect                          :65   [32m60212469452378112 [0;39m 远程地址: 127.0.0.1
2021-06-16 11:42:51.416 INFO  petfind.aspect.LogAspect                          :87   [32m60212469452378112 [0;39m 请求参数: [{"loginname":"admin"},null]
2021-06-16 11:42:51.535 INFO  petfind.aspect.LogAspect                          :99   [32m60212469452378112 [0;39m 返回结果: {"content":{"email":"123@qq.com","id":1,"loginname":"admin","realname":"管理员"},"success":true}
2021-06-16 11:42:51.536 INFO  petfind.aspect.LogAspect                          :100  [32m60212469452378112 [0;39m ------------- 结束 耗时：125 ms -------------
2021-06-16 12:02:52.719 WARN  com.zaxxer.hikari.pool.HikariPool                 :787  [32m                  [0;39m HikariPool-1 - Thread starvation or clock leap detected (housekeeper delta=52s290ms).
2021-06-16 12:12:13.143 WARN  com.zaxxer.hikari.pool.HikariPool                 :787  [32m                  [0;39m HikariPool-1 - Thread starvation or clock leap detected (housekeeper delta=9m20s490ms).
2021-06-16 12:42:43.677 WARN  com.zaxxer.hikari.pool.HikariPool                 :787  [32m                  [0;39m HikariPool-1 - Thread starvation or clock leap detected (housekeeper delta=30m499ms).
2021-06-16 12:49:45.265 WARN  com.zaxxer.hikari.pool.HikariPool                 :787  [32m                  [0;39m HikariPool-1 - Thread starvation or clock leap detected (housekeeper delta=6m1s603ms).
2021-06-16 12:55:21.425 INFO  o.s.scheduling.concurrent.ThreadPoolTaskExecutor  :218  [32m                  [0;39m Shutting down ExecutorService 'applicationTaskExecutor'
2021-06-16 12:55:21.454 INFO  com.zaxxer.hikari.HikariDataSource                :350  [32m                  [0;39m HikariPool-1 - Shutdown initiated...
2021-06-16 12:55:21.476 INFO  com.zaxxer.hikari.HikariDataSource                :352  [32m                  [0;39m HikariPool-1 - Shutdown completed.
2021-06-16 12:55:32.736 INFO  org.hibernate.validator.internal.util.Version     :21   [32m                  [0;39m HV000001: Hibernate Validator 6.1.7.Final
2021-06-16 12:55:32.743 INFO  petfind.config.PetFindApplication                 :55   [32m                  [0;39m Starting PetFindApplication using Java 1.8.0_231 on FARO-ZdeMacBook-Pro.local with PID 84005 (/Users/faro_z/文件/坚果云/编程代码存储路径/java/项目开发/宠物识别/target/classes started by faro_z in /Users/faro_z/文件/坚果云/编程代码存储路径/java/项目开发/宠物识别)
2021-06-16 12:55:32.744 INFO  petfind.config.PetFindApplication                 :675  [32m                  [0;39m No active profile set, falling back to default profiles: default
2021-06-16 12:55:32.800 INFO  o.s.b.d.env.DevToolsPropertyDefaultsPostProcessor :255  [32m                  [0;39m Devtools property defaults active! Set 'spring.devtools.add-properties' to 'false' to disable
2021-06-16 12:55:32.800 INFO  o.s.b.d.env.DevToolsPropertyDefaultsPostProcessor :255  [32m                  [0;39m For additional web related logging consider setting the 'logging.level.web' property to 'DEBUG'
2021-06-16 12:55:34.088 INFO  o.s.boot.web.embedded.tomcat.TomcatWebServer      :108  [32m                  [0;39m Tomcat initialized with port(s): 9000 (http)
2021-06-16 12:55:34.098 INFO  org.apache.coyote.http11.Http11NioProtocol        :173  [32m                  [0;39m Initializing ProtocolHandler ["http-nio-9000"]
2021-06-16 12:55:34.099 INFO  org.apache.catalina.core.StandardService          :173  [32m                  [0;39m Starting service [Tomcat]
2021-06-16 12:55:34.099 INFO  org.apache.catalina.core.StandardEngine           :173  [32m                  [0;39m Starting Servlet engine: [Apache Tomcat/9.0.45]
2021-06-16 12:55:34.159 INFO  o.a.c.core.ContainerBase.[Tomcat].[localhost].[/] :173  [32m                  [0;39m Initializing Spring embedded WebApplicationContext
2021-06-16 12:55:34.159 INFO  o.s.b.w.s.c.ServletWebServerApplicationContext    :289  [32m                  [0;39m Root WebApplicationContext: initialization completed in 1358 ms
2021-06-16 12:55:34.738 INFO  o.s.scheduling.concurrent.ThreadPoolTaskExecutor  :181  [32m                  [0;39m Initializing ExecutorService 'applicationTaskExecutor'
2021-06-16 12:55:34.855 INFO  petfind.config.CorsConfig                         :35   [32m                  [0;39m 外部尝试访问磁盘图片
2021-06-16 12:55:35.037 INFO  o.s.b.d.autoconfigure.OptionalLiveReloadServer    :58   [32m                  [0;39m LiveReload server is running on port 35729
2021-06-16 12:55:35.055 INFO  org.apache.coyote.http11.Http11NioProtocol        :173  [32m                  [0;39m Starting ProtocolHandler ["http-nio-9000"]
2021-06-16 12:55:35.083 INFO  o.s.boot.web.embedded.tomcat.TomcatWebServer      :220  [32m                  [0;39m Tomcat started on port(s): 9000 (http) with context path ''
2021-06-16 12:55:35.092 INFO  petfind.config.PetFindApplication                 :61   [32m                  [0;39m Started PetFindApplication in 2.884 seconds (JVM running for 4.082)
2021-06-16 12:55:44.497 INFO  o.a.c.core.ContainerBase.[Tomcat].[localhost].[/] :173  [32m                  [0;39m Initializing Spring DispatcherServlet 'dispatcherServlet'
2021-06-16 12:55:44.498 INFO  org.springframework.web.servlet.DispatcherServlet :525  [32m                  [0;39m Initializing Servlet 'dispatcherServlet'
2021-06-16 12:55:44.500 INFO  org.springframework.web.servlet.DispatcherServlet :547  [32m                  [0;39m Completed initialization in 2 ms
2021-06-16 12:55:44.546 INFO  petfind.aspect.LogAspect                          :62   [32m60230811701612544 [0;39m ------------- 开始 -------------
2021-06-16 12:55:44.547 INFO  petfind.aspect.LogAspect                          :63   [32m60230811701612544 [0;39m 请求地址: http://127.0.0.1:9000/user/logout POST
2021-06-16 12:55:44.547 INFO  petfind.aspect.LogAspect                          :64   [32m60230811701612544 [0;39m 类名方法: petfind.controller.UserController.logout
2021-06-16 12:55:44.547 INFO  petfind.aspect.LogAspect                          :65   [32m60230811701612544 [0;39m 远程地址: 127.0.0.1
2021-06-16 12:55:44.604 INFO  petfind.aspect.LogAspect                          :87   [32m60230811701612544 [0;39m 请求参数: [null]
2021-06-16 12:55:44.640 INFO  petfind.aspect.LogAspect                          :99   [32m60230811701612544 [0;39m 返回结果: {"success":true}
2021-06-16 12:55:44.641 INFO  petfind.aspect.LogAspect                          :100  [32m60230811701612544 [0;39m ------------- 结束 耗时：98 ms -------------
2021-06-16 12:55:56.258 INFO  petfind.aspect.LogAspect                          :62   [32m60230860833689600 [0;39m ------------- 开始 -------------
2021-06-16 12:55:56.259 INFO  petfind.aspect.LogAspect                          :63   [32m60230860833689600 [0;39m 请求地址: http://127.0.0.1:9000/user/login POST
2021-06-16 12:55:56.259 INFO  petfind.aspect.LogAspect                          :64   [32m60230860833689600 [0;39m 类名方法: petfind.controller.UserController.login
2021-06-16 12:55:56.260 INFO  petfind.aspect.LogAspect                          :65   [32m60230860833689600 [0;39m 远程地址: 127.0.0.1
2021-06-16 12:55:56.262 INFO  petfind.aspect.LogAspect                          :87   [32m60230860833689600 [0;39m 请求参数: [{"loginname":"admin"},null]
2021-06-16 12:55:56.270 INFO  com.zaxxer.hikari.HikariDataSource                :110  [32m60230860833689600 [0;39m HikariPool-1 - Starting...
2021-06-16 12:55:56.834 INFO  com.zaxxer.hikari.HikariDataSource                :123  [32m60230860833689600 [0;39m HikariPool-1 - Start completed.
2021-06-16 12:55:57.077 INFO  petfind.aspect.LogAspect                          :99   [32m60230860833689600 [0;39m 返回结果: {"content":{"email":"123@qq.com","id":1,"loginname":"admin","realname":"管理员"},"success":true}
2021-06-16 12:55:57.078 INFO  petfind.aspect.LogAspect                          :100  [32m60230860833689600 [0;39m ------------- 结束 耗时：820 ms -------------
2021-06-16 12:57:14.264 INFO  petfind.aspect.LogAspect                          :62   [32m60231188010373120 [0;39m ------------- 开始 -------------
2021-06-16 12:57:14.272 INFO  petfind.aspect.LogAspect                          :63   [32m60231188010373120 [0;39m 请求地址: http://127.0.0.1:9000/user/logout POST
2021-06-16 12:57:14.272 INFO  petfind.aspect.LogAspect                          :64   [32m60231188010373120 [0;39m 类名方法: petfind.controller.UserController.logout
2021-06-16 12:57:14.273 INFO  petfind.aspect.LogAspect                          :65   [32m60231188010373120 [0;39m 远程地址: 127.0.0.1
2021-06-16 12:57:14.273 INFO  petfind.aspect.LogAspect                          :87   [32m60231188010373120 [0;39m 请求参数: [null]
2021-06-16 12:57:14.275 INFO  petfind.aspect.LogAspect                          :99   [32m60231188010373120 [0;39m 返回结果: {"success":true}
2021-06-16 12:57:14.275 INFO  petfind.aspect.LogAspect                          :100  [32m60231188010373120 [0;39m ------------- 结束 耗时：13 ms -------------
2021-06-16 12:57:19.756 INFO  petfind.aspect.LogAspect                          :62   [32m60231211049684992 [0;39m ------------- 开始 -------------
2021-06-16 12:57:19.757 INFO  petfind.aspect.LogAspect                          :63   [32m60231211049684992 [0;39m 请求地址: http://127.0.0.1:9000/user/logout POST
2021-06-16 12:57:19.758 INFO  petfind.aspect.LogAspect                          :64   [32m60231211049684992 [0;39m 类名方法: petfind.controller.UserController.logout
2021-06-16 12:57:19.758 INFO  petfind.aspect.LogAspect                          :65   [32m60231211049684992 [0;39m 远程地址: 127.0.0.1
2021-06-16 12:57:19.759 INFO  petfind.aspect.LogAspect                          :87   [32m60231211049684992 [0;39m 请求参数: [null]
2021-06-16 12:57:19.760 INFO  petfind.aspect.LogAspect                          :99   [32m60231211049684992 [0;39m 返回结果: {"success":true}
2021-06-16 12:57:19.761 INFO  petfind.aspect.LogAspect                          :100  [32m60231211049684992 [0;39m ------------- 结束 耗时：5 ms -------------
2021-06-16 12:57:27.386 INFO  petfind.aspect.LogAspect                          :62   [32m60231243052224512 [0;39m ------------- 开始 -------------
2021-06-16 12:57:27.387 INFO  petfind.aspect.LogAspect                          :63   [32m60231243052224512 [0;39m 请求地址: http://127.0.0.1:9000/user/login POST
2021-06-16 12:57:27.387 INFO  petfind.aspect.LogAspect                          :64   [32m60231243052224512 [0;39m 类名方法: petfind.controller.UserController.login
2021-06-16 12:57:27.387 INFO  petfind.aspect.LogAspect                          :65   [32m60231243052224512 [0;39m 远程地址: 127.0.0.1
2021-06-16 12:57:27.388 INFO  petfind.aspect.LogAspect                          :87   [32m60231243052224512 [0;39m 请求参数: [{"loginname":"admin"},null]
2021-06-16 12:57:27.520 INFO  petfind.aspect.LogAspect                          :99   [32m60231243052224512 [0;39m 返回结果: {"content":{"email":"123@qq.com","id":1,"loginname":"admin","realname":"管理员"},"success":true}
2021-06-16 12:57:27.520 INFO  petfind.aspect.LogAspect                          :100  [32m60231243052224512 [0;39m ------------- 结束 耗时：134 ms -------------
2021-06-16 13:14:21.070 WARN  com.zaxxer.hikari.pool.HikariPool                 :787  [32m                  [0;39m HikariPool-1 - Thread starvation or clock leap detected (housekeeper delta=15m23s996ms).
2021-06-16 13:31:19.819 INFO  petfind.aspect.LogAspect                          :62   [32m60239767694086144 [0;39m ------------- 开始 -------------
2021-06-16 13:31:19.836 INFO  petfind.aspect.LogAspect                          :63   [32m60239767694086144 [0;39m 请求地址: http://127.0.0.1:9000/user/logout POST
2021-06-16 13:31:19.836 INFO  petfind.aspect.LogAspect                          :64   [32m60239767694086144 [0;39m 类名方法: petfind.controller.UserController.logout
2021-06-16 13:31:19.837 INFO  petfind.aspect.LogAspect                          :65   [32m60239767694086144 [0;39m 远程地址: 127.0.0.1
2021-06-16 13:31:19.838 INFO  petfind.aspect.LogAspect                          :87   [32m60239767694086144 [0;39m 请求参数: [null]
2021-06-16 13:31:19.843 INFO  petfind.aspect.LogAspect                          :99   [32m60239767694086144 [0;39m 返回结果: {"success":true}
2021-06-16 13:31:19.845 INFO  petfind.aspect.LogAspect                          :100  [32m60239767694086144 [0;39m ------------- 结束 耗时：25 ms -------------
2021-06-16 13:31:22.877 INFO  petfind.aspect.LogAspect                          :62   [32m60239780520267776 [0;39m ------------- 开始 -------------
2021-06-16 13:31:22.877 INFO  petfind.aspect.LogAspect                          :63   [32m60239780520267776 [0;39m 请求地址: http://127.0.0.1:9000/user/login POST
2021-06-16 13:31:22.877 INFO  petfind.aspect.LogAspect                          :64   [32m60239780520267776 [0;39m 类名方法: petfind.controller.UserController.login
2021-06-16 13:31:22.877 INFO  petfind.aspect.LogAspect                          :65   [32m60239780520267776 [0;39m 远程地址: 127.0.0.1
2021-06-16 13:31:22.879 INFO  petfind.aspect.LogAspect                          :87   [32m60239780520267776 [0;39m 请求参数: [{"loginname":"admin"},null]
2021-06-16 13:31:26.102 INFO  petfind.aspect.LogAspect                          :62   [32m60239794042703872 [0;39m ------------- 开始 -------------
2021-06-16 13:31:26.102 INFO  petfind.aspect.LogAspect                          :63   [32m60239794042703872 [0;39m 请求地址: http://127.0.0.1:9000/user/login POST
2021-06-16 13:31:26.103 INFO  petfind.aspect.LogAspect                          :64   [32m60239794042703872 [0;39m 类名方法: petfind.controller.UserController.login
2021-06-16 13:31:26.103 INFO  petfind.aspect.LogAspect                          :65   [32m60239794042703872 [0;39m 远程地址: 127.0.0.1
2021-06-16 13:31:26.103 INFO  petfind.aspect.LogAspect                          :87   [32m60239794042703872 [0;39m 请求参数: [{"loginname":"admin"},null]
2021-06-16 13:31:28.003 WARN  com.zaxxer.hikari.pool.PoolBase                   :184  [32m60239780520267776 [0;39m HikariPool-1 - Failed to validate connection com.mysql.cj.jdbc.ConnectionImpl@798680d (No operations allowed after connection closed.). Possibly consider using a shorter maxLifetime value.
2021-06-16 13:31:31.113 WARN  com.zaxxer.hikari.pool.PoolBase                   :184  [32m60239794042703872 [0;39m HikariPool-1 - Failed to validate connection com.mysql.cj.jdbc.ConnectionImpl@45977375 (No operations allowed after connection closed.). Possibly consider using a shorter maxLifetime value.
2021-06-16 13:31:33.012 WARN  com.zaxxer.hikari.pool.PoolBase                   :184  [32m60239780520267776 [0;39m HikariPool-1 - Failed to validate connection com.mysql.cj.jdbc.ConnectionImpl@3e422eda (No operations allowed after connection closed.). Possibly consider using a shorter maxLifetime value.
2021-06-16 13:31:36.124 WARN  com.zaxxer.hikari.pool.PoolBase                   :184  [32m60239794042703872 [0;39m HikariPool-1 - Failed to validate connection com.mysql.cj.jdbc.ConnectionImpl@3dc17442 (No operations allowed after connection closed.). Possibly consider using a shorter maxLifetime value.
2021-06-16 13:31:38.020 WARN  com.zaxxer.hikari.pool.PoolBase                   :184  [32m60239780520267776 [0;39m HikariPool-1 - Failed to validate connection com.mysql.cj.jdbc.ConnectionImpl@d3607cf (No operations allowed after connection closed.). Possibly consider using a shorter maxLifetime value.
2021-06-16 13:31:41.131 WARN  com.zaxxer.hikari.pool.PoolBase                   :184  [32m60239794042703872 [0;39m HikariPool-1 - Failed to validate connection com.mysql.cj.jdbc.ConnectionImpl@fb10f1 (No operations allowed after connection closed.). Possibly consider using a shorter maxLifetime value.
2021-06-16 13:31:43.031 WARN  com.zaxxer.hikari.pool.PoolBase                   :184  [32m60239780520267776 [0;39m HikariPool-1 - Failed to validate connection com.mysql.cj.jdbc.ConnectionImpl@2fd51d2a (No operations allowed after connection closed.). Possibly consider using a shorter maxLifetime value.
2021-06-16 13:31:46.139 WARN  com.zaxxer.hikari.pool.PoolBase                   :184  [32m60239794042703872 [0;39m HikariPool-1 - Failed to validate connection com.mysql.cj.jdbc.ConnectionImpl@4f3f16ff (No operations allowed after connection closed.). Possibly consider using a shorter maxLifetime value.
2021-06-16 13:31:48.052 WARN  com.zaxxer.hikari.pool.PoolBase                   :184  [32m60239780520267776 [0;39m HikariPool-1 - Failed to validate connection com.mysql.cj.jdbc.ConnectionImpl@2f699398 (No operations allowed after connection closed.). Possibly consider using a shorter maxLifetime value.
2021-06-16 13:31:48.217 INFO  petfind.aspect.LogAspect                          :99   [32m60239780520267776 [0;39m 返回结果: {"content":{"email":"123@qq.com","id":1,"loginname":"admin","realname":"管理员"},"success":true}
2021-06-16 13:31:48.217 INFO  petfind.aspect.LogAspect                          :100  [32m60239780520267776 [0;39m ------------- 结束 耗时：25340 ms -------------
2021-06-16 13:31:51.145 WARN  com.zaxxer.hikari.pool.PoolBase                   :184  [32m60239794042703872 [0;39m HikariPool-1 - Failed to validate connection com.mysql.cj.jdbc.ConnectionImpl@314dd8b6 (No operations allowed after connection closed.). Possibly consider using a shorter maxLifetime value.
2021-06-16 13:31:51.348 ERROR petfind.controller.ControllerExceptionHandler     :71   [32m60239794042703872 [0;39m 系统异常：
java.lang.IllegalStateException: setAttribute: Session [null] has already been invalidated
	at org.apache.catalina.session.StandardSession.setAttribute(StandardSession.java:1405)
	at org.apache.catalina.session.StandardSession.setAttribute(StandardSession.java:1367)
	at org.apache.catalina.session.StandardSessionFacade.setAttribute(StandardSessionFacade.java:136)
	at petfind.controller.UserController.login(UserController.java:47)
	at petfind.controller.UserController$$FastClassBySpringCGLIB$$249d6f63.invoke(<generated>)
	at org.springframework.cglib.proxy.MethodProxy.invoke(MethodProxy.java:218)
	at org.springframework.aop.framework.CglibAopProxy$CglibMethodInvocation.invokeJoinpoint(CglibAopProxy.java:779)
	at org.springframework.aop.framework.ReflectiveMethodInvocation.proceed(ReflectiveMethodInvocation.java:163)
	at org.springframework.aop.framework.CglibAopProxy$CglibMethodInvocation.proceed(CglibAopProxy.java:750)
	at org.springframework.aop.framework.adapter.MethodBeforeAdviceInterceptor.invoke(MethodBeforeAdviceInterceptor.java:58)
	at org.springframework.aop.framework.ReflectiveMethodInvocation.proceed(ReflectiveMethodInvocation.java:186)
	at org.springframework.aop.framework.CglibAopProxy$CglibMethodInvocation.proceed(CglibAopProxy.java:750)
	at org.springframework.aop.aspectj.MethodInvocationProceedingJoinPoint.proceed(MethodInvocationProceedingJoinPoint.java:89)
	at petfind.aspect.LogAspect.doAround(LogAspect.java:93)
	at sun.reflect.NativeMethodAccessorImpl.invoke0(Native Method)
	at sun.reflect.NativeMethodAccessorImpl.invoke(NativeMethodAccessorImpl.java:62)
	at sun.reflect.DelegatingMethodAccessorImpl.invoke(DelegatingMethodAccessorImpl.java:43)
	at java.lang.reflect.Method.invoke(Method.java:498)
	at org.springframework.aop.aspectj.AbstractAspectJAdvice.invokeAdviceMethodWithGivenArgs(AbstractAspectJAdvice.java:634)
	at org.springframework.aop.aspectj.AbstractAspectJAdvice.invokeAdviceMethod(AbstractAspectJAdvice.java:624)
	at org.springframework.aop.aspectj.AspectJAroundAdvice.invoke(AspectJAroundAdvice.java:72)
	at org.springframework.aop.framework.ReflectiveMethodInvocation.proceed(ReflectiveMethodInvocation.java:186)
	at org.springframework.aop.framework.CglibAopProxy$CglibMethodInvocation.proceed(CglibAopProxy.java:750)
	at org.springframework.aop.interceptor.ExposeInvocationInterceptor.invoke(ExposeInvocationInterceptor.java:97)
	at org.springframework.aop.framework.ReflectiveMethodInvocation.proceed(ReflectiveMethodInvocation.java:186)
	at org.springframework.aop.framework.CglibAopProxy$CglibMethodInvocation.proceed(CglibAopProxy.java:750)
	at org.springframework.aop.framework.CglibAopProxy$DynamicAdvisedInterceptor.intercept(CglibAopProxy.java:692)
	at petfind.controller.UserController$$EnhancerBySpringCGLIB$$76ae1409.login(<generated>)
	at sun.reflect.NativeMethodAccessorImpl.invoke0(Native Method)
	at sun.reflect.NativeMethodAccessorImpl.invoke(NativeMethodAccessorImpl.java:62)
	at sun.reflect.DelegatingMethodAccessorImpl.invoke(DelegatingMethodAccessorImpl.java:43)
	at java.lang.reflect.Method.invoke(Method.java:498)
	at org.springframework.web.method.support.InvocableHandlerMethod.doInvoke(InvocableHandlerMethod.java:197)
	at org.springframework.web.method.support.InvocableHandlerMethod.invokeForRequest(InvocableHandlerMethod.java:141)
	at org.springframework.web.servlet.mvc.method.annotation.ServletInvocableHandlerMethod.invokeAndHandle(ServletInvocableHandlerMethod.java:106)
	at org.springframework.web.servlet.mvc.method.annotation.RequestMappingHandlerAdapter.invokeHandlerMethod(RequestMappingHandlerAdapter.java:894)
	at org.springframework.web.servlet.mvc.method.annotation.RequestMappingHandlerAdapter.handleInternal(RequestMappingHandlerAdapter.java:808)
	at org.springframework.web.servlet.mvc.method.AbstractHandlerMethodAdapter.handle(AbstractHandlerMethodAdapter.java:87)
	at org.springframework.web.servlet.DispatcherServlet.doDispatch(DispatcherServlet.java:1060)
	at org.springframework.web.servlet.DispatcherServlet.doService(DispatcherServlet.java:962)
	at org.springframework.web.servlet.FrameworkServlet.processRequest(FrameworkServlet.java:1006)
	at org.springframework.web.servlet.FrameworkServlet.doPost(FrameworkServlet.java:909)
	at javax.servlet.http.HttpServlet.service(HttpServlet.java:652)
	at org.springframework.web.servlet.FrameworkServlet.service(FrameworkServlet.java:883)
	at javax.servlet.http.HttpServlet.service(HttpServlet.java:733)
	at org.apache.catalina.core.ApplicationFilterChain.internalDoFilter(ApplicationFilterChain.java:227)
	at org.apache.catalina.core.ApplicationFilterChain.doFilter(ApplicationFilterChain.java:162)
	at org.apache.tomcat.websocket.server.WsFilter.doFilter(WsFilter.java:53)
	at org.apache.catalina.core.ApplicationFilterChain.internalDoFilter(ApplicationFilterChain.java:189)
	at org.apache.catalina.core.ApplicationFilterChain.doFilter(ApplicationFilterChain.java:162)
	at org.springframework.web.filter.RequestContextFilter.doFilterInternal(RequestContextFilter.java:100)
	at org.springframework.web.filter.OncePerRequestFilter.doFilter(OncePerRequestFilter.java:119)
	at org.apache.catalina.core.ApplicationFilterChain.internalDoFilter(ApplicationFilterChain.java:189)
	at org.apache.catalina.core.ApplicationFilterChain.doFilter(ApplicationFilterChain.java:162)
	at org.springframework.web.filter.FormContentFilter.doFilterInternal(FormContentFilter.java:93)
	at org.springframework.web.filter.OncePerRequestFilter.doFilter(OncePerRequestFilter.java:119)
	at org.apache.catalina.core.ApplicationFilterChain.internalDoFilter(ApplicationFilterChain.java:189)
	at org.apache.catalina.core.ApplicationFilterChain.doFilter(ApplicationFilterChain.java:162)
	at org.springframework.web.filter.CharacterEncodingFilter.doFilterInternal(CharacterEncodingFilter.java:201)
	at org.springframework.web.filter.OncePerRequestFilter.doFilter(OncePerRequestFilter.java:119)
	at org.apache.catalina.core.ApplicationFilterChain.internalDoFilter(ApplicationFilterChain.java:189)
	at org.apache.catalina.core.ApplicationFilterChain.doFilter(ApplicationFilterChain.java:162)
	at org.apache.catalina.core.StandardWrapperValve.invoke(StandardWrapperValve.java:202)
	at org.apache.catalina.core.StandardContextValve.invoke(StandardContextValve.java:97)
	at org.apache.catalina.authenticator.AuthenticatorBase.invoke(AuthenticatorBase.java:542)
	at org.apache.catalina.core.StandardHostValve.invoke(StandardHostValve.java:143)
	at org.apache.catalina.valves.ErrorReportValve.invoke(ErrorReportValve.java:92)
	at org.apache.catalina.core.StandardEngineValve.invoke(StandardEngineValve.java:78)
	at org.apache.catalina.connector.CoyoteAdapter.service(CoyoteAdapter.java:357)
	at org.apache.coyote.http11.Http11Processor.service(Http11Processor.java:374)
	at org.apache.coyote.AbstractProcessorLight.process(AbstractProcessorLight.java:65)
	at org.apache.coyote.AbstractProtocol$ConnectionHandler.process(AbstractProtocol.java:893)
	at org.apache.tomcat.util.net.NioEndpoint$SocketProcessor.doRun(NioEndpoint.java:1707)
	at org.apache.tomcat.util.net.SocketProcessorBase.run(SocketProcessorBase.java:49)
	at java.util.concurrent.ThreadPoolExecutor.runWorker(ThreadPoolExecutor.java:1149)
	at java.util.concurrent.ThreadPoolExecutor$Worker.run(ThreadPoolExecutor.java:624)
	at org.apache.tomcat.util.threads.TaskThread$WrappingRunnable.run(TaskThread.java:61)
	at java.lang.Thread.run(Thread.java:748)
2021-06-16 13:31:51.357 WARN  o.s.w.s.m.m.a.ExceptionHandlerExceptionResolver   :434  [32m60239794042703872 [0;39m Failure in @ExceptionHandler petfind.controller.ControllerExceptionHandler#validExceptionHandler(Exception)
java.lang.NullPointerException: null
	at org.springframework.web.util.UrlPathHelper.getSanitizedPath(UrlPathHelper.java:409)
	at org.springframework.web.util.UrlPathHelper.decodeAndCleanUriString(UrlPathHelper.java:550)
	at org.springframework.web.util.UrlPathHelper.getOriginatingRequestUri(UrlPathHelper.java:495)
	at org.springframework.web.servlet.mvc.method.annotation.AbstractMessageConverterMethodProcessor.addContentDispositionHeader(AbstractMessageConverterMethodProcessor.java:431)
	at org.springframework.web.servlet.mvc.method.annotation.AbstractMessageConverterMethodProcessor.writeWithMessageConverters(AbstractMessageConverterMethodProcessor.java:288)
	at org.springframework.web.servlet.mvc.method.annotation.RequestResponseBodyMethodProcessor.handleReturnValue(RequestResponseBodyMethodProcessor.java:181)
	at org.springframework.web.method.support.HandlerMethodReturnValueHandlerComposite.handleReturnValue(HandlerMethodReturnValueHandlerComposite.java:78)
	at org.springframework.web.servlet.mvc.method.annotation.ServletInvocableHandlerMethod.invokeAndHandle(ServletInvocableHandlerMethod.java:124)
	at org.springframework.web.servlet.mvc.method.annotation.ExceptionHandlerExceptionResolver.doResolveHandlerMethodException(ExceptionHandlerExceptionResolver.java:428)
	at org.springframework.web.servlet.handler.AbstractHandlerMethodExceptionResolver.doResolveException(AbstractHandlerMethodExceptionResolver.java:75)
	at org.springframework.web.servlet.handler.AbstractHandlerExceptionResolver.resolveException(AbstractHandlerExceptionResolver.java:141)
	at org.springframework.web.servlet.handler.HandlerExceptionResolverComposite.resolveException(HandlerExceptionResolverComposite.java:80)
	at org.springframework.web.servlet.DispatcherServlet.processHandlerException(DispatcherServlet.java:1320)
	at org.springframework.web.servlet.DispatcherServlet.processDispatchResult(DispatcherServlet.java:1131)
	at org.springframework.web.servlet.DispatcherServlet.doDispatch(DispatcherServlet.java:1077)
	at org.springframework.web.servlet.DispatcherServlet.doService(DispatcherServlet.java:962)
	at org.springframework.web.servlet.FrameworkServlet.processRequest(FrameworkServlet.java:1006)
	at org.springframework.web.servlet.FrameworkServlet.doPost(FrameworkServlet.java:909)
	at javax.servlet.http.HttpServlet.service(HttpServlet.java:652)
	at org.springframework.web.servlet.FrameworkServlet.service(FrameworkServlet.java:883)
	at javax.servlet.http.HttpServlet.service(HttpServlet.java:733)
	at org.apache.catalina.core.ApplicationFilterChain.internalDoFilter(ApplicationFilterChain.java:227)
	at org.apache.catalina.core.ApplicationFilterChain.doFilter(ApplicationFilterChain.java:162)
	at org.apache.tomcat.websocket.server.WsFilter.doFilter(WsFilter.java:53)
	at org.apache.catalina.core.ApplicationFilterChain.internalDoFilter(ApplicationFilterChain.java:189)
	at org.apache.catalina.core.ApplicationFilterChain.doFilter(ApplicationFilterChain.java:162)
	at org.springframework.web.filter.RequestContextFilter.doFilterInternal(RequestContextFilter.java:100)
	at org.springframework.web.filter.OncePerRequestFilter.doFilter(OncePerRequestFilter.java:119)
	at org.apache.catalina.core.ApplicationFilterChain.internalDoFilter(ApplicationFilterChain.java:189)
	at org.apache.catalina.core.ApplicationFilterChain.doFilter(ApplicationFilterChain.java:162)
	at org.springframework.web.filter.FormContentFilter.doFilterInternal(FormContentFilter.java:93)
	at org.springframework.web.filter.OncePerRequestFilter.doFilter(OncePerRequestFilter.java:119)
	at org.apache.catalina.core.ApplicationFilterChain.internalDoFilter(ApplicationFilterChain.java:189)
	at org.apache.catalina.core.ApplicationFilterChain.doFilter(ApplicationFilterChain.java:162)
	at org.springframework.web.filter.CharacterEncodingFilter.doFilterInternal(CharacterEncodingFilter.java:201)
	at org.springframework.web.filter.OncePerRequestFilter.doFilter(OncePerRequestFilter.java:119)
	at org.apache.catalina.core.ApplicationFilterChain.internalDoFilter(ApplicationFilterChain.java:189)
	at org.apache.catalina.core.ApplicationFilterChain.doFilter(ApplicationFilterChain.java:162)
	at org.apache.catalina.core.StandardWrapperValve.invoke(StandardWrapperValve.java:202)
	at org.apache.catalina.core.StandardContextValve.invoke(StandardContextValve.java:97)
	at org.apache.catalina.authenticator.AuthenticatorBase.invoke(AuthenticatorBase.java:542)
	at org.apache.catalina.core.StandardHostValve.invoke(StandardHostValve.java:143)
	at org.apache.catalina.valves.ErrorReportValve.invoke(ErrorReportValve.java:92)
	at org.apache.catalina.core.StandardEngineValve.invoke(StandardEngineValve.java:78)
	at org.apache.catalina.connector.CoyoteAdapter.service(CoyoteAdapter.java:357)
	at org.apache.coyote.http11.Http11Processor.service(Http11Processor.java:374)
	at org.apache.coyote.AbstractProcessorLight.process(AbstractProcessorLight.java:65)
	at org.apache.coyote.AbstractProtocol$ConnectionHandler.process(AbstractProtocol.java:893)
	at org.apache.tomcat.util.net.NioEndpoint$SocketProcessor.doRun(NioEndpoint.java:1707)
	at org.apache.tomcat.util.net.SocketProcessorBase.run(SocketProcessorBase.java:49)
	at java.util.concurrent.ThreadPoolExecutor.runWorker(ThreadPoolExecutor.java:1149)
	at java.util.concurrent.ThreadPoolExecutor$Worker.run(ThreadPoolExecutor.java:624)
	at org.apache.tomcat.util.threads.TaskThread$WrappingRunnable.run(TaskThread.java:61)
	at java.lang.Thread.run(Thread.java:748)
2021-06-16 13:31:51.421 INFO  o.s.scheduling.concurrent.ThreadPoolTaskExecutor  :218  [32m                  [0;39m Shutting down ExecutorService 'applicationTaskExecutor'
2021-06-16 13:31:51.426 INFO  com.zaxxer.hikari.HikariDataSource                :350  [32m                  [0;39m HikariPool-1 - Shutdown initiated...
2021-06-16 13:31:51.433 INFO  com.zaxxer.hikari.HikariDataSource                :352  [32m                  [0;39m HikariPool-1 - Shutdown completed.
2021-06-16 13:32:04.908 INFO  org.hibernate.validator.internal.util.Version     :21   [32m                  [0;39m HV000001: Hibernate Validator 6.1.7.Final
2021-06-16 13:32:04.916 INFO  petfind.config.PetFindApplication                 :55   [32m                  [0;39m Starting PetFindApplication using Java 1.8.0_231 on FARO-ZdeMacBook-Pro.local with PID 84374 (/Users/faro_z/文件/坚果云/编程代码存储路径/java/项目开发/宠物识别/target/classes started by faro_z in /Users/faro_z/文件/坚果云/编程代码存储路径/java/项目开发/宠物识别)
2021-06-16 13:32:04.916 INFO  petfind.config.PetFindApplication                 :675  [32m                  [0;39m No active profile set, falling back to default profiles: default
2021-06-16 13:32:04.980 INFO  o.s.b.d.env.DevToolsPropertyDefaultsPostProcessor :255  [32m                  [0;39m Devtools property defaults active! Set 'spring.devtools.add-properties' to 'false' to disable
2021-06-16 13:32:04.980 INFO  o.s.b.d.env.DevToolsPropertyDefaultsPostProcessor :255  [32m                  [0;39m For additional web related logging consider setting the 'logging.level.web' property to 'DEBUG'
2021-06-16 13:32:06.776 INFO  o.s.boot.web.embedded.tomcat.TomcatWebServer      :108  [32m                  [0;39m Tomcat initialized with port(s): 9000 (http)
2021-06-16 13:32:06.789 INFO  org.apache.coyote.http11.Http11NioProtocol        :173  [32m                  [0;39m Initializing ProtocolHandler ["http-nio-9000"]
2021-06-16 13:32:06.790 INFO  org.apache.catalina.core.StandardService          :173  [32m                  [0;39m Starting service [Tomcat]
2021-06-16 13:32:06.790 INFO  org.apache.catalina.core.StandardEngine           :173  [32m                  [0;39m Starting Servlet engine: [Apache Tomcat/9.0.45]
2021-06-16 13:32:06.877 INFO  o.a.c.core.ContainerBase.[Tomcat].[localhost].[/] :173  [32m                  [0;39m Initializing Spring embedded WebApplicationContext
2021-06-16 13:32:06.877 INFO  o.s.b.w.s.c.ServletWebServerApplicationContext    :289  [32m                  [0;39m Root WebApplicationContext: initialization completed in 1896 ms
2021-06-16 13:32:07.937 INFO  o.s.scheduling.concurrent.ThreadPoolTaskExecutor  :181  [32m                  [0;39m Initializing ExecutorService 'applicationTaskExecutor'
2021-06-16 13:32:08.189 INFO  petfind.config.CorsConfig                         :35   [32m                  [0;39m 外部尝试访问磁盘图片
2021-06-16 13:32:08.522 INFO  o.s.b.d.autoconfigure.OptionalLiveReloadServer    :58   [32m                  [0;39m LiveReload server is running on port 35729
2021-06-16 13:32:08.543 INFO  org.apache.coyote.http11.Http11NioProtocol        :173  [32m                  [0;39m Starting ProtocolHandler ["http-nio-9000"]
2021-06-16 13:32:08.582 INFO  o.s.boot.web.embedded.tomcat.TomcatWebServer      :220  [32m                  [0;39m Tomcat started on port(s): 9000 (http) with context path ''
2021-06-16 13:32:08.596 INFO  petfind.config.PetFindApplication                 :61   [32m                  [0;39m Started PetFindApplication in 4.305 seconds (JVM running for 5.18)
2021-06-16 13:32:14.472 INFO  o.a.c.core.ContainerBase.[Tomcat].[localhost].[/] :173  [32m                  [0;39m Initializing Spring DispatcherServlet 'dispatcherServlet'
2021-06-16 13:32:14.473 INFO  org.springframework.web.servlet.DispatcherServlet :525  [32m                  [0;39m Initializing Servlet 'dispatcherServlet'
2021-06-16 13:32:14.474 INFO  org.springframework.web.servlet.DispatcherServlet :547  [32m                  [0;39m Completed initialization in 1 ms
2021-06-16 13:32:14.525 INFO  petfind.aspect.LogAspect                          :62   [32m60239997143486464 [0;39m ------------- 开始 -------------
2021-06-16 13:32:14.526 INFO  petfind.aspect.LogAspect                          :63   [32m60239997143486464 [0;39m 请求地址: http://127.0.0.1:9000/user/logout POST
2021-06-16 13:32:14.527 INFO  petfind.aspect.LogAspect                          :64   [32m60239997143486464 [0;39m 类名方法: petfind.controller.UserController.logout
2021-06-16 13:32:14.527 INFO  petfind.aspect.LogAspect                          :65   [32m60239997143486464 [0;39m 远程地址: 127.0.0.1
2021-06-16 13:32:14.580 INFO  petfind.aspect.LogAspect                          :87   [32m60239997143486464 [0;39m 请求参数: [null]
2021-06-16 13:32:14.620 INFO  petfind.aspect.LogAspect                          :99   [32m60239997143486464 [0;39m 返回结果: {"success":true}
2021-06-16 13:32:14.621 INFO  petfind.aspect.LogAspect                          :100  [32m60239997143486464 [0;39m ------------- 结束 耗时：97 ms -------------
2021-06-16 13:32:23.836 INFO  petfind.aspect.LogAspect                          :62   [32m60240036200845312 [0;39m ------------- 开始 -------------
2021-06-16 13:32:23.837 INFO  petfind.aspect.LogAspect                          :63   [32m60240036200845312 [0;39m 请求地址: http://127.0.0.1:9000/user/login POST
2021-06-16 13:32:23.838 INFO  petfind.aspect.LogAspect                          :64   [32m60240036200845312 [0;39m 类名方法: petfind.controller.UserController.login
2021-06-16 13:32:23.838 INFO  petfind.aspect.LogAspect                          :65   [32m60240036200845312 [0;39m 远程地址: 127.0.0.1
2021-06-16 13:32:23.840 INFO  petfind.aspect.LogAspect                          :87   [32m60240036200845312 [0;39m 请求参数: [{"loginname":"admin"},null]
2021-06-16 13:32:23.849 INFO  com.zaxxer.hikari.HikariDataSource                :110  [32m60240036200845312 [0;39m HikariPool-1 - Starting...
2021-06-16 13:32:24.534 INFO  com.zaxxer.hikari.HikariDataSource                :123  [32m60240036200845312 [0;39m HikariPool-1 - Start completed.
2021-06-16 13:32:24.817 INFO  petfind.aspect.LogAspect                          :99   [32m60240036200845312 [0;39m 返回结果: {"content":{"email":"123@qq.com","id":1,"loginname":"admin","realname":"管理员"},"success":true}
2021-06-16 13:32:24.817 INFO  petfind.aspect.LogAspect                          :100  [32m60240036200845312 [0;39m ------------- 结束 耗时：981 ms -------------
2021-06-16 13:56:37.915 INFO  petfind.aspect.LogAspect                          :62   [32m60246135025045504 [0;39m ------------- 开始 -------------
2021-06-16 13:56:37.962 INFO  petfind.aspect.LogAspect                          :63   [32m60246135025045504 [0;39m 请求地址: http://127.0.0.1:9000/user/logout POST
2021-06-16 13:56:37.963 INFO  petfind.aspect.LogAspect                          :64   [32m60246135025045504 [0;39m 类名方法: petfind.controller.UserController.logout
2021-06-16 13:56:37.964 INFO  petfind.aspect.LogAspect                          :65   [32m60246135025045504 [0;39m 远程地址: 127.0.0.1
2021-06-16 13:56:37.973 INFO  petfind.aspect.LogAspect                          :87   [32m60246135025045504 [0;39m 请求参数: [null]
2021-06-16 13:56:37.986 INFO  petfind.aspect.LogAspect                          :99   [32m60246135025045504 [0;39m 返回结果: {"success":true}
2021-06-16 13:56:37.987 INFO  petfind.aspect.LogAspect                          :100  [32m60246135025045504 [0;39m ------------- 结束 耗时：84 ms -------------
2021-06-16 13:56:41.535 INFO  petfind.aspect.LogAspect                          :62   [32m60246150233591808 [0;39m ------------- 开始 -------------
2021-06-16 13:56:41.536 INFO  petfind.aspect.LogAspect                          :63   [32m60246150233591808 [0;39m 请求地址: http://127.0.0.1:9000/user/login POST
2021-06-16 13:56:41.536 INFO  petfind.aspect.LogAspect                          :64   [32m60246150233591808 [0;39m 类名方法: petfind.controller.UserController.login
2021-06-16 13:56:41.537 INFO  petfind.aspect.LogAspect                          :65   [32m60246150233591808 [0;39m 远程地址: 127.0.0.1
2021-06-16 13:56:41.538 INFO  petfind.aspect.LogAspect                          :87   [32m60246150233591808 [0;39m 请求参数: [{"loginname":"admin"},null]
2021-06-16 13:56:41.720 WARN  com.zaxxer.hikari.pool.PoolBase                   :184  [32m60246150233591808 [0;39m HikariPool-1 - Failed to validate connection com.mysql.cj.jdbc.ConnectionImpl@17165b8 (No operations allowed after connection closed.). Possibly consider using a shorter maxLifetime value.
2021-06-16 13:56:41.732 WARN  com.zaxxer.hikari.pool.PoolBase                   :184  [32m60246150233591808 [0;39m HikariPool-1 - Failed to validate connection com.mysql.cj.jdbc.ConnectionImpl@40980338 (No operations allowed after connection closed.). Possibly consider using a shorter maxLifetime value.
2021-06-16 13:56:41.751 WARN  com.zaxxer.hikari.pool.PoolBase                   :184  [32m60246150233591808 [0;39m HikariPool-1 - Failed to validate connection com.mysql.cj.jdbc.ConnectionImpl@56504fc9 (No operations allowed after connection closed.). Possibly consider using a shorter maxLifetime value.
2021-06-16 13:56:41.756 WARN  com.zaxxer.hikari.pool.PoolBase                   :184  [32m60246150233591808 [0;39m HikariPool-1 - Failed to validate connection com.mysql.cj.jdbc.ConnectionImpl@26a54068 (No operations allowed after connection closed.). Possibly consider using a shorter maxLifetime value.
2021-06-16 13:56:41.763 WARN  com.zaxxer.hikari.pool.PoolBase                   :184  [32m60246150233591808 [0;39m HikariPool-1 - Failed to validate connection com.mysql.cj.jdbc.ConnectionImpl@563284bf (No operations allowed after connection closed.). Possibly consider using a shorter maxLifetime value.
2021-06-16 13:56:41.772 WARN  com.zaxxer.hikari.pool.PoolBase                   :184  [32m60246150233591808 [0;39m HikariPool-1 - Failed to validate connection com.mysql.cj.jdbc.ConnectionImpl@5633cc82 (No operations allowed after connection closed.). Possibly consider using a shorter maxLifetime value.
2021-06-16 13:56:41.776 WARN  com.zaxxer.hikari.pool.PoolBase                   :184  [32m60246150233591808 [0;39m HikariPool-1 - Failed to validate connection com.mysql.cj.jdbc.ConnectionImpl@249ff8a (No operations allowed after connection closed.). Possibly consider using a shorter maxLifetime value.
2021-06-16 13:56:41.783 WARN  com.zaxxer.hikari.pool.PoolBase                   :184  [32m60246150233591808 [0;39m HikariPool-1 - Failed to validate connection com.mysql.cj.jdbc.ConnectionImpl@e6349ab (No operations allowed after connection closed.). Possibly consider using a shorter maxLifetime value.
2021-06-16 13:56:41.788 WARN  com.zaxxer.hikari.pool.PoolBase                   :184  [32m60246150233591808 [0;39m HikariPool-1 - Failed to validate connection com.mysql.cj.jdbc.ConnectionImpl@4a9b16c (No operations allowed after connection closed.). Possibly consider using a shorter maxLifetime value.
2021-06-16 13:56:41.789 WARN  com.zaxxer.hikari.pool.PoolBase                   :184  [32m60246150233591808 [0;39m HikariPool-1 - Failed to validate connection com.mysql.cj.jdbc.ConnectionImpl@49d1bbdc (No operations allowed after connection closed.). Possibly consider using a shorter maxLifetime value.
2021-06-16 13:56:42.285 INFO  petfind.aspect.LogAspect                          :99   [32m60246150233591808 [0;39m 返回结果: {"content":{"email":"123@qq.com","id":1,"loginname":"admin","realname":"管理员"},"success":true}
2021-06-16 13:56:42.286 INFO  petfind.aspect.LogAspect                          :100  [32m60246150233591808 [0;39m ------------- 结束 耗时：751 ms -------------
2021-06-16 14:14:40.860 INFO  petfind.aspect.LogAspect                          :62   [32m60250677242368000 [0;39m ------------- 开始 -------------
2021-06-16 14:14:40.873 INFO  petfind.aspect.LogAspect                          :63   [32m60250677242368000 [0;39m 请求地址: http://127.0.0.1:9000/user/logout POST
2021-06-16 14:14:40.873 INFO  petfind.aspect.LogAspect                          :64   [32m60250677242368000 [0;39m 类名方法: petfind.controller.UserController.logout
2021-06-16 14:14:40.874 INFO  petfind.aspect.LogAspect                          :65   [32m60250677242368000 [0;39m 远程地址: 127.0.0.1
2021-06-16 14:14:40.875 INFO  petfind.aspect.LogAspect                          :87   [32m60250677242368000 [0;39m 请求参数: [null]
2021-06-16 14:14:40.879 INFO  petfind.aspect.LogAspect                          :99   [32m60250677242368000 [0;39m 返回结果: {"success":true}
2021-06-16 14:14:40.879 INFO  petfind.aspect.LogAspect                          :100  [32m60250677242368000 [0;39m ------------- 结束 耗时：21 ms -------------
2021-06-16 14:14:45.471 INFO  petfind.aspect.LogAspect                          :62   [32m60250696590692352 [0;39m ------------- 开始 -------------
2021-06-16 14:14:45.472 INFO  petfind.aspect.LogAspect                          :63   [32m60250696590692352 [0;39m 请求地址: http://127.0.0.1:9000/user/login POST
2021-06-16 14:14:45.473 INFO  petfind.aspect.LogAspect                          :64   [32m60250696590692352 [0;39m 类名方法: petfind.controller.UserController.login
2021-06-16 14:14:45.473 INFO  petfind.aspect.LogAspect                          :65   [32m60250696590692352 [0;39m 远程地址: 127.0.0.1
2021-06-16 14:14:45.475 INFO  petfind.aspect.LogAspect                          :87   [32m60250696590692352 [0;39m 请求参数: [{"loginname":"admin"},null]
2021-06-16 14:14:45.486 WARN  com.zaxxer.hikari.pool.PoolBase                   :184  [32m60250696590692352 [0;39m HikariPool-1 - Failed to validate connection com.mysql.cj.jdbc.ConnectionImpl@2d1d9041 (No operations allowed after connection closed.). Possibly consider using a shorter maxLifetime value.
2021-06-16 14:14:45.493 WARN  com.zaxxer.hikari.pool.PoolBase                   :184  [32m60250696590692352 [0;39m HikariPool-1 - Failed to validate connection com.mysql.cj.jdbc.ConnectionImpl@1ee2e101 (No operations allowed after connection closed.). Possibly consider using a shorter maxLifetime value.
2021-06-16 14:14:45.498 WARN  com.zaxxer.hikari.pool.PoolBase                   :184  [32m60250696590692352 [0;39m HikariPool-1 - Failed to validate connection com.mysql.cj.jdbc.ConnectionImpl@f9046e3 (No operations allowed after connection closed.). Possibly consider using a shorter maxLifetime value.
2021-06-16 14:14:45.502 WARN  com.zaxxer.hikari.pool.PoolBase                   :184  [32m60250696590692352 [0;39m HikariPool-1 - Failed to validate connection com.mysql.cj.jdbc.ConnectionImpl@2f36fa10 (No operations allowed after connection closed.). Possibly consider using a shorter maxLifetime value.
2021-06-16 14:14:45.508 WARN  com.zaxxer.hikari.pool.PoolBase                   :184  [32m60250696590692352 [0;39m HikariPool-1 - Failed to validate connection com.mysql.cj.jdbc.ConnectionImpl@77ae0353 (No operations allowed after connection closed.). Possibly consider using a shorter maxLifetime value.
2021-06-16 14:14:45.523 WARN  com.zaxxer.hikari.pool.PoolBase                   :184  [32m60250696590692352 [0;39m HikariPool-1 - Failed to validate connection com.mysql.cj.jdbc.ConnectionImpl@73e7e82a (No operations allowed after connection closed.). Possibly consider using a shorter maxLifetime value.
2021-06-16 14:14:45.525 WARN  com.zaxxer.hikari.pool.PoolBase                   :184  [32m60250696590692352 [0;39m HikariPool-1 - Failed to validate connection com.mysql.cj.jdbc.ConnectionImpl@6b996a3c (No operations allowed after connection closed.). Possibly consider using a shorter maxLifetime value.
2021-06-16 14:14:45.528 WARN  com.zaxxer.hikari.pool.PoolBase                   :184  [32m60250696590692352 [0;39m HikariPool-1 - Failed to validate connection com.mysql.cj.jdbc.ConnectionImpl@6caa4887 (No operations allowed after connection closed.). Possibly consider using a shorter maxLifetime value.
2021-06-16 14:14:45.530 WARN  com.zaxxer.hikari.pool.PoolBase                   :184  [32m60250696590692352 [0;39m HikariPool-1 - Failed to validate connection com.mysql.cj.jdbc.ConnectionImpl@7a830432 (No operations allowed after connection closed.). Possibly consider using a shorter maxLifetime value.
2021-06-16 14:14:45.532 WARN  com.zaxxer.hikari.pool.PoolBase                   :184  [32m60250696590692352 [0;39m HikariPool-1 - Failed to validate connection com.mysql.cj.jdbc.ConnectionImpl@36e905f0 (No operations allowed after connection closed.). Possibly consider using a shorter maxLifetime value.
2021-06-16 14:14:45.870 INFO  petfind.aspect.LogAspect                          :99   [32m60250696590692352 [0;39m 返回结果: {"content":{"email":"123@qq.com","id":1,"loginname":"admin","realname":"管理员"},"success":true}
2021-06-16 14:14:45.870 INFO  petfind.aspect.LogAspect                          :100  [32m60250696590692352 [0;39m ------------- 结束 耗时：399 ms -------------
2021-06-16 14:35:49.131 INFO  petfind.aspect.LogAspect                          :62   [32m60255996752302080 [0;39m ------------- 开始 -------------
2021-06-16 14:35:49.172 INFO  petfind.aspect.LogAspect                          :63   [32m60255996752302080 [0;39m 请求地址: http://127.0.0.1:9000/user/logout POST
2021-06-16 14:35:49.175 INFO  petfind.aspect.LogAspect                          :64   [32m60255996752302080 [0;39m 类名方法: petfind.controller.UserController.logout
2021-06-16 14:35:49.178 INFO  petfind.aspect.LogAspect                          :65   [32m60255996752302080 [0;39m 远程地址: 127.0.0.1
2021-06-16 14:35:49.185 INFO  petfind.aspect.LogAspect                          :87   [32m60255996752302080 [0;39m 请求参数: [null]
2021-06-16 14:35:49.196 INFO  petfind.aspect.LogAspect                          :99   [32m60255996752302080 [0;39m 返回结果: {"success":true}
2021-06-16 14:35:49.197 INFO  petfind.aspect.LogAspect                          :100  [32m60255996752302080 [0;39m ------------- 结束 耗时：71 ms -------------
2021-06-16 14:37:16.742 INFO  petfind.aspect.LogAspect                          :62   [32m60256364227858432 [0;39m ------------- 开始 -------------
2021-06-16 14:37:16.746 INFO  petfind.aspect.LogAspect                          :63   [32m60256364227858432 [0;39m 请求地址: http://127.0.0.1:9000/user/login POST
2021-06-16 14:37:16.747 INFO  petfind.aspect.LogAspect                          :64   [32m60256364227858432 [0;39m 类名方法: petfind.controller.UserController.login
2021-06-16 14:37:16.747 INFO  petfind.aspect.LogAspect                          :65   [32m60256364227858432 [0;39m 远程地址: 127.0.0.1
2021-06-16 14:37:16.748 INFO  petfind.aspect.LogAspect                          :87   [32m60256364227858432 [0;39m 请求参数: [{"loginname":"admin"},null]
2021-06-16 14:37:16.758 WARN  com.zaxxer.hikari.pool.PoolBase                   :184  [32m60256364227858432 [0;39m HikariPool-1 - Failed to validate connection com.mysql.cj.jdbc.ConnectionImpl@3429a427 (No operations allowed after connection closed.). Possibly consider using a shorter maxLifetime value.
2021-06-16 14:37:16.765 WARN  com.zaxxer.hikari.pool.PoolBase                   :184  [32m60256364227858432 [0;39m HikariPool-1 - Failed to validate connection com.mysql.cj.jdbc.ConnectionImpl@12e4d632 (No operations allowed after connection closed.). Possibly consider using a shorter maxLifetime value.
2021-06-16 14:37:16.774 WARN  com.zaxxer.hikari.pool.PoolBase                   :184  [32m60256364227858432 [0;39m HikariPool-1 - Failed to validate connection com.mysql.cj.jdbc.ConnectionImpl@3e186d4d (No operations allowed after connection closed.). Possibly consider using a shorter maxLifetime value.
2021-06-16 14:37:16.778 WARN  com.zaxxer.hikari.pool.PoolBase                   :184  [32m60256364227858432 [0;39m HikariPool-1 - Failed to validate connection com.mysql.cj.jdbc.ConnectionImpl@233cc713 (No operations allowed after connection closed.). Possibly consider using a shorter maxLifetime value.
2021-06-16 14:37:16.786 WARN  com.zaxxer.hikari.pool.PoolBase                   :184  [32m60256364227858432 [0;39m HikariPool-1 - Failed to validate connection com.mysql.cj.jdbc.ConnectionImpl@462a22cc (No operations allowed after connection closed.). Possibly consider using a shorter maxLifetime value.
2021-06-16 14:37:16.790 WARN  com.zaxxer.hikari.pool.PoolBase                   :184  [32m60256364227858432 [0;39m HikariPool-1 - Failed to validate connection com.mysql.cj.jdbc.ConnectionImpl@72cb297d (No operations allowed after connection closed.). Possibly consider using a shorter maxLifetime value.
2021-06-16 14:37:16.794 WARN  com.zaxxer.hikari.pool.PoolBase                   :184  [32m60256364227858432 [0;39m HikariPool-1 - Failed to validate connection com.mysql.cj.jdbc.ConnectionImpl@f44506c (No operations allowed after connection closed.). Possibly consider using a shorter maxLifetime value.
2021-06-16 14:37:16.800 WARN  com.zaxxer.hikari.pool.PoolBase                   :184  [32m60256364227858432 [0;39m HikariPool-1 - Failed to validate connection com.mysql.cj.jdbc.ConnectionImpl@4a851ac8 (No operations allowed after connection closed.). Possibly consider using a shorter maxLifetime value.
2021-06-16 14:37:16.805 WARN  com.zaxxer.hikari.pool.PoolBase                   :184  [32m60256364227858432 [0;39m HikariPool-1 - Failed to validate connection com.mysql.cj.jdbc.ConnectionImpl@5d2e6d16 (No operations allowed after connection closed.). Possibly consider using a shorter maxLifetime value.
2021-06-16 14:37:16.810 WARN  com.zaxxer.hikari.pool.PoolBase                   :184  [32m60256364227858432 [0;39m HikariPool-1 - Failed to validate connection com.mysql.cj.jdbc.ConnectionImpl@7685370f (No operations allowed after connection closed.). Possibly consider using a shorter maxLifetime value.
2021-06-16 14:37:17.208 INFO  petfind.aspect.LogAspect                          :99   [32m60256364227858432 [0;39m 返回结果: {"content":{"email":"123@qq.com","id":1,"loginname":"admin","realname":"管理员"},"success":true}
2021-06-16 14:37:17.209 INFO  petfind.aspect.LogAspect                          :100  [32m60256364227858432 [0;39m ------------- 结束 耗时：468 ms -------------
2021-06-16 14:42:52.814 INFO  petfind.aspect.LogAspect                          :62   [32m60257773790826496 [0;39m ------------- 开始 -------------
2021-06-16 14:42:52.825 INFO  petfind.aspect.LogAspect                          :63   [32m60257773790826496 [0;39m 请求地址: http://127.0.0.1:9000/user/logout POST
2021-06-16 14:42:52.826 INFO  petfind.aspect.LogAspect                          :64   [32m60257773790826496 [0;39m 类名方法: petfind.controller.UserController.logout
2021-06-16 14:42:52.828 INFO  petfind.aspect.LogAspect                          :65   [32m60257773790826496 [0;39m 远程地址: 127.0.0.1
2021-06-16 14:42:52.831 INFO  petfind.aspect.LogAspect                          :87   [32m60257773790826496 [0;39m 请求参数: [null]
2021-06-16 14:42:52.835 INFO  petfind.aspect.LogAspect                          :99   [32m60257773790826496 [0;39m 返回结果: {"success":true}
2021-06-16 14:42:52.836 INFO  petfind.aspect.LogAspect                          :100  [32m60257773790826496 [0;39m ------------- 结束 耗时：29 ms -------------
2021-06-16 14:44:59.200 INFO  petfind.aspect.LogAspect                          :62   [32m60258303917297664 [0;39m ------------- 开始 -------------
2021-06-16 14:44:59.208 INFO  petfind.aspect.LogAspect                          :63   [32m60258303917297664 [0;39m 请求地址: http://127.0.0.1:9000/user/login POST
2021-06-16 14:44:59.209 INFO  petfind.aspect.LogAspect                          :64   [32m60258303917297664 [0;39m 类名方法: petfind.controller.UserController.login
2021-06-16 14:44:59.210 INFO  petfind.aspect.LogAspect                          :65   [32m60258303917297664 [0;39m 远程地址: 127.0.0.1
2021-06-16 14:44:59.212 INFO  petfind.aspect.LogAspect                          :87   [32m60258303917297664 [0;39m 请求参数: [{"loginname":"admin"},null]
2021-06-16 14:44:59.223 WARN  com.zaxxer.hikari.pool.PoolBase                   :184  [32m60258303917297664 [0;39m HikariPool-1 - Failed to validate connection com.mysql.cj.jdbc.ConnectionImpl@48d4203a (No operations allowed after connection closed.). Possibly consider using a shorter maxLifetime value.
2021-06-16 14:44:59.233 WARN  com.zaxxer.hikari.pool.PoolBase                   :184  [32m60258303917297664 [0;39m HikariPool-1 - Failed to validate connection com.mysql.cj.jdbc.ConnectionImpl@4550acd4 (No operations allowed after connection closed.). Possibly consider using a shorter maxLifetime value.
2021-06-16 14:44:59.240 WARN  com.zaxxer.hikari.pool.PoolBase                   :184  [32m60258303917297664 [0;39m HikariPool-1 - Failed to validate connection com.mysql.cj.jdbc.ConnectionImpl@16e6686a (No operations allowed after connection closed.). Possibly consider using a shorter maxLifetime value.
2021-06-16 14:44:59.245 WARN  com.zaxxer.hikari.pool.PoolBase                   :184  [32m60258303917297664 [0;39m HikariPool-1 - Failed to validate connection com.mysql.cj.jdbc.ConnectionImpl@1441262b (No operations allowed after connection closed.). Possibly consider using a shorter maxLifetime value.
2021-06-16 14:44:59.246 WARN  com.zaxxer.hikari.pool.PoolBase                   :184  [32m60258303917297664 [0;39m HikariPool-1 - Failed to validate connection com.mysql.cj.jdbc.ConnectionImpl@68946eb6 (No operations allowed after connection closed.). Possibly consider using a shorter maxLifetime value.
2021-06-16 14:44:59.250 WARN  com.zaxxer.hikari.pool.PoolBase                   :184  [32m60258303917297664 [0;39m HikariPool-1 - Failed to validate connection com.mysql.cj.jdbc.ConnectionImpl@28e2597c (No operations allowed after connection closed.). Possibly consider using a shorter maxLifetime value.
2021-06-16 14:44:59.254 WARN  com.zaxxer.hikari.pool.PoolBase                   :184  [32m60258303917297664 [0;39m HikariPool-1 - Failed to validate connection com.mysql.cj.jdbc.ConnectionImpl@de2c132 (No operations allowed after connection closed.). Possibly consider using a shorter maxLifetime value.
2021-06-16 14:44:59.257 WARN  com.zaxxer.hikari.pool.PoolBase                   :184  [32m60258303917297664 [0;39m HikariPool-1 - Failed to validate connection com.mysql.cj.jdbc.ConnectionImpl@100fdedb (No operations allowed after connection closed.). Possibly consider using a shorter maxLifetime value.
2021-06-16 14:44:59.264 WARN  com.zaxxer.hikari.pool.PoolBase                   :184  [32m60258303917297664 [0;39m HikariPool-1 - Failed to validate connection com.mysql.cj.jdbc.ConnectionImpl@5b25e3b2 (No operations allowed after connection closed.). Possibly consider using a shorter maxLifetime value.
2021-06-16 14:44:59.268 WARN  com.zaxxer.hikari.pool.PoolBase                   :184  [32m60258303917297664 [0;39m HikariPool-1 - Failed to validate connection com.mysql.cj.jdbc.ConnectionImpl@61366813 (No operations allowed after connection closed.). Possibly consider using a shorter maxLifetime value.
2021-06-16 14:44:59.569 INFO  petfind.aspect.LogAspect                          :99   [32m60258303917297664 [0;39m 返回结果: {"content":{"email":"123@qq.com","id":1,"loginname":"admin","realname":"管理员"},"success":true}
2021-06-16 14:44:59.570 INFO  petfind.aspect.LogAspect                          :100  [32m60258303917297664 [0;39m ------------- 结束 耗时：372 ms -------------
2021-06-16 14:45:45.158 INFO  petfind.aspect.LogAspect                          :62   [32m60258496679120896 [0;39m ------------- 开始 -------------
2021-06-16 14:45:45.163 INFO  petfind.aspect.LogAspect                          :63   [32m60258496679120896 [0;39m 请求地址: http://127.0.0.1:9000/user/logout POST
2021-06-16 14:45:45.165 INFO  petfind.aspect.LogAspect                          :64   [32m60258496679120896 [0;39m 类名方法: petfind.controller.UserController.logout
2021-06-16 14:45:45.166 INFO  petfind.aspect.LogAspect                          :65   [32m60258496679120896 [0;39m 远程地址: 127.0.0.1
2021-06-16 14:45:45.166 INFO  petfind.aspect.LogAspect                          :87   [32m60258496679120896 [0;39m 请求参数: [null]
2021-06-16 14:45:45.168 INFO  petfind.aspect.LogAspect                          :99   [32m60258496679120896 [0;39m 返回结果: {"success":true}
2021-06-16 14:45:45.169 INFO  petfind.aspect.LogAspect                          :100  [32m60258496679120896 [0;39m ------------- 结束 耗时：11 ms -------------
2021-06-16 14:48:54.602 INFO  petfind.aspect.LogAspect                          :62   [32m60259291264847872 [0;39m ------------- 开始 -------------
2021-06-16 14:48:54.606 INFO  petfind.aspect.LogAspect                          :63   [32m60259291264847872 [0;39m 请求地址: http://127.0.0.1:9000/user/login POST
2021-06-16 14:48:54.607 INFO  petfind.aspect.LogAspect                          :64   [32m60259291264847872 [0;39m 类名方法: petfind.controller.UserController.login
2021-06-16 14:48:54.608 INFO  petfind.aspect.LogAspect                          :65   [32m60259291264847872 [0;39m 远程地址: 127.0.0.1
2021-06-16 14:48:54.611 INFO  petfind.aspect.LogAspect                          :87   [32m60259291264847872 [0;39m 请求参数: [{"loginname":"admin"},null]
2021-06-16 14:48:54.796 INFO  petfind.aspect.LogAspect                          :99   [32m60259291264847872 [0;39m 返回结果: {"content":{"email":"123@qq.com","id":1,"loginname":"admin","realname":"管理员"},"success":true}
2021-06-16 14:48:54.800 INFO  petfind.aspect.LogAspect                          :100  [32m60259291264847872 [0;39m ------------- 结束 耗时：199 ms -------------
2021-06-16 14:49:08.887 INFO  petfind.aspect.LogAspect                          :62   [32m60259351184674816 [0;39m ------------- 开始 -------------
2021-06-16 14:49:08.887 INFO  petfind.aspect.LogAspect                          :63   [32m60259351184674816 [0;39m 请求地址: http://127.0.0.1:9000/pic/uploadFindPic POST
2021-06-16 14:49:08.889 INFO  petfind.aspect.LogAspect                          :64   [32m60259351184674816 [0;39m 类名方法: petfind.controller.PicController.uploadFindPic
2021-06-16 14:49:08.889 INFO  petfind.aspect.LogAspect                          :65   [32m60259351184674816 [0;39m 远程地址: 127.0.0.1
2021-06-16 14:49:08.892 INFO  petfind.aspect.LogAspect                          :87   [32m60259351184674816 [0;39m 请求参数: [null,null]
2021-06-16 14:49:09.168 INFO  petfind.aspect.LogAspect                          :99   [32m60259351184674816 [0;39m 返回结果: {"content":[{"id":59940816994570240,"path":"59940816986181632.jpg","user":{}},{"id":59941271741009920,"path":"59941271732621312.jpg","user":{}},{"id":59941968750448640,"path":"59941968742060032.jpg","user":{}},{"id":59945041682108416,"path":"59945041677914112.jpg","user":{}},{"id":59945624505815040,"path":"59945624501620736.jpg","user":{}},{"id":59946014966157312,"path":"59946014961963008.jpg","user":{}},{"id":59946589740994560,"path":"59946589736800256.jpg","user":{}},{"address":"南京","id":59946961599598592,"path":"59946961595404288.jpg","user":{}},{"id":59949141807206401,"path":"59949141807206400.jpg","user":{}},{"id":59958896550350848,"path":"59958896546156544.jpg","user":{}},{"id":59959074120404993,"path":"59959074120404992.jpg","user":{}},{"id":59959179108028417,"path":"59959179108028416.jpg","user":{}},{"id":59959790834683904,"path":"59959790830489600.jpg","user":{}},{"id":59959940902686720,"path":"59959940898492416.jpg","user":{}},{"id":59959997647425536,"path":"59959997643231232.jpg","user":{}},{"id":59960038873239553,"path":"59960038873239552.jpg","user":{}},{"address":"朝阳","id":59960154698944512,"path":"59960154694750208.jpg","user":{}},{"address":"江苏省南京市栖霞区仙林街道南京师范大学仙林校区西区","id":59971875937325056,"path":"59971875933130752.jpg","user":{}},{"id":59972511407935488,"path":"59972511403741184.jpg","user":{}},{"address":"123","id":59972564860145665,"path":"59972564860145664.jpg","user":{}},{"address":"江苏省南京市栖霞区仙林街道南京师范大学仙林校区西区","id":59981990664998912,"path":"59981990656610304.jpg","user":{}},{"address":"江苏省南京市栖霞区仙林街道南京师范大学仙林校区西区","id":60014460965883904,"path":"60014460953300992.jpg","user":{}}],"success":true}
2021-06-16 14:49:09.170 INFO  petfind.aspect.LogAspect                          :100  [32m60259351184674816 [0;39m ------------- 结束 耗时：283 ms -------------
2021-06-16 14:49:19.280 INFO  petfind.aspect.LogAspect                          :62   [32m60259394776076288 [0;39m ------------- 开始 -------------
2021-06-16 14:49:19.281 INFO  petfind.aspect.LogAspect                          :63   [32m60259394776076288 [0;39m 请求地址: http://127.0.0.1:9000/user/logout POST
2021-06-16 14:49:19.281 INFO  petfind.aspect.LogAspect                          :64   [32m60259394776076288 [0;39m 类名方法: petfind.controller.UserController.logout
2021-06-16 14:49:19.281 INFO  petfind.aspect.LogAspect                          :65   [32m60259394776076288 [0;39m 远程地址: 127.0.0.1
2021-06-16 14:49:19.282 INFO  petfind.aspect.LogAspect                          :87   [32m60259394776076288 [0;39m 请求参数: [null]
2021-06-16 14:49:19.282 INFO  petfind.aspect.LogAspect                          :99   [32m60259394776076288 [0;39m 返回结果: {"success":true}
2021-06-16 14:49:19.283 INFO  petfind.aspect.LogAspect                          :100  [32m60259394776076288 [0;39m ------------- 结束 耗时：3 ms -------------
