2021-04-20 21:07:14.105 INFO  org.hibernate.validator.internal.util.Version     :21   [32m                  [0;39m HV000001: Hibernate Validator 6.1.7.Final
2021-04-20 21:07:14.127 INFO  petfind.config.PetFindApplication                 :55   [32m                  [0;39m Starting PetFindApplication using Java 1.8.0_231 on FARO-ZdeMacBook-Pro.local with PID 42577 (/Users/faro_z/文件/坚果云/编程代码存储路径/java/项目开发/宠物识别/target/classes started by faro_z in /Users/faro_z/文件/坚果云/编程代码存储路径/java/项目开发/宠物识别)
2021-04-20 21:07:14.128 INFO  petfind.config.PetFindApplication                 :675  [32m                  [0;39m No active profile set, falling back to default profiles: default
2021-04-20 21:07:14.189 INFO  o.s.b.d.env.DevToolsPropertyDefaultsPostProcessor :255  [32m                  [0;39m Devtools property defaults active! Set 'spring.devtools.add-properties' to 'false' to disable
2021-04-20 21:07:14.189 INFO  o.s.b.d.env.DevToolsPropertyDefaultsPostProcessor :255  [32m                  [0;39m For additional web related logging consider setting the 'logging.level.web' property to 'DEBUG'
2021-04-20 21:07:15.402 INFO  o.s.boot.web.embedded.tomcat.TomcatWebServer      :108  [32m                  [0;39m Tomcat initialized with port(s): 9000 (http)
2021-04-20 21:07:15.410 INFO  org.apache.coyote.http11.Http11NioProtocol        :173  [32m                  [0;39m Initializing ProtocolHandler ["http-nio-9000"]
2021-04-20 21:07:15.411 INFO  org.apache.catalina.core.StandardService          :173  [32m                  [0;39m Starting service [Tomcat]
2021-04-20 21:07:15.411 INFO  org.apache.catalina.core.StandardEngine           :173  [32m                  [0;39m Starting Servlet engine: [Apache Tomcat/9.0.45]
2021-04-20 21:07:15.465 INFO  o.a.c.core.ContainerBase.[Tomcat].[localhost].[/] :173  [32m                  [0;39m Initializing Spring embedded WebApplicationContext
2021-04-20 21:07:15.465 INFO  o.s.b.w.s.c.ServletWebServerApplicationContext    :289  [32m                  [0;39m Root WebApplicationContext: initialization completed in 1275 ms
2021-04-20 21:07:15.951 INFO  o.s.scheduling.concurrent.ThreadPoolTaskExecutor  :181  [32m                  [0;39m Initializing ExecutorService 'applicationTaskExecutor'
2021-04-20 21:07:16.198 WARN  o.s.b.d.autoconfigure.OptionalLiveReloadServer    :61   [32m                  [0;39m Unable to start LiveReload server
2021-04-20 21:07:16.214 INFO  org.apache.coyote.http11.Http11NioProtocol        :173  [32m                  [0;39m Starting ProtocolHandler ["http-nio-9000"]
2021-04-20 21:07:16.238 INFO  o.s.boot.web.embedded.tomcat.TomcatWebServer      :220  [32m                  [0;39m Tomcat started on port(s): 9000 (http) with context path ''
2021-04-20 21:07:16.247 INFO  petfind.config.PetFindApplication                 :61   [32m                  [0;39m Started PetFindApplication in 2.581 seconds (JVM running for 3.298)
2021-04-20 23:33:53.160 INFO  o.s.scheduling.concurrent.ThreadPoolTaskExecutor  :218  [32m                  [0;39m Shutting down ExecutorService 'applicationTaskExecutor'
2021-04-20 23:33:57.829 INFO  org.hibernate.validator.internal.util.Version     :21   [32m                  [0;39m HV000001: Hibernate Validator 6.1.7.Final
2021-04-20 23:33:57.838 INFO  petfind.config.PetFindApplication                 :55   [32m                  [0;39m Starting PetFindApplication using Java 1.8.0_231 on FARO-ZdeMacBook-Pro.local with PID 46173 (/Users/faro_z/文件/坚果云/编程代码存储路径/java/项目开发/宠物识别/target/classes started by faro_z in /Users/faro_z/文件/坚果云/编程代码存储路径/java/项目开发/宠物识别)
2021-04-20 23:33:57.839 INFO  petfind.config.PetFindApplication                 :675  [32m                  [0;39m No active profile set, falling back to default profiles: default
2021-04-20 23:33:57.893 INFO  o.s.b.d.env.DevToolsPropertyDefaultsPostProcessor :255  [32m                  [0;39m Devtools property defaults active! Set 'spring.devtools.add-properties' to 'false' to disable
2021-04-20 23:33:57.893 INFO  o.s.b.d.env.DevToolsPropertyDefaultsPostProcessor :255  [32m                  [0;39m For additional web related logging consider setting the 'logging.level.web' property to 'DEBUG'
2021-04-20 23:33:59.158 INFO  o.s.boot.web.embedded.tomcat.TomcatWebServer      :108  [32m                  [0;39m Tomcat initialized with port(s): 9000 (http)
2021-04-20 23:33:59.167 INFO  org.apache.coyote.http11.Http11NioProtocol        :173  [32m                  [0;39m Initializing ProtocolHandler ["http-nio-9000"]
2021-04-20 23:33:59.168 INFO  org.apache.catalina.core.StandardService          :173  [32m                  [0;39m Starting service [Tomcat]
2021-04-20 23:33:59.168 INFO  org.apache.catalina.core.StandardEngine           :173  [32m                  [0;39m Starting Servlet engine: [Apache Tomcat/9.0.45]
2021-04-20 23:33:59.224 INFO  o.a.c.core.ContainerBase.[Tomcat].[localhost].[/] :173  [32m                  [0;39m Initializing Spring embedded WebApplicationContext
2021-04-20 23:33:59.224 INFO  o.s.b.w.s.c.ServletWebServerApplicationContext    :289  [32m                  [0;39m Root WebApplicationContext: initialization completed in 1330 ms
2021-04-20 23:33:59.793 INFO  o.s.scheduling.concurrent.ThreadPoolTaskExecutor  :181  [32m                  [0;39m Initializing ExecutorService 'applicationTaskExecutor'
2021-04-20 23:34:00.107 INFO  o.s.b.d.autoconfigure.OptionalLiveReloadServer    :58   [32m                  [0;39m LiveReload server is running on port 35729
2021-04-20 23:34:00.138 INFO  org.apache.coyote.http11.Http11NioProtocol        :173  [32m                  [0;39m Starting ProtocolHandler ["http-nio-9000"]
2021-04-20 23:34:00.175 INFO  o.s.boot.web.embedded.tomcat.TomcatWebServer      :220  [32m                  [0;39m Tomcat started on port(s): 9000 (http) with context path ''
2021-04-20 23:34:00.185 INFO  petfind.config.PetFindApplication                 :61   [32m                  [0;39m Started PetFindApplication in 2.789 seconds (JVM running for 3.484)
2021-04-20 23:36:58.973 INFO  o.s.scheduling.concurrent.ThreadPoolTaskExecutor  :218  [32m                  [0;39m Shutting down ExecutorService 'applicationTaskExecutor'
2021-04-20 23:37:02.686 INFO  org.hibernate.validator.internal.util.Version     :21   [32m                  [0;39m HV000001: Hibernate Validator 6.1.7.Final
2021-04-20 23:37:02.692 INFO  petfind.config.PetFindApplication                 :55   [32m                  [0;39m Starting PetFindApplication using Java 1.8.0_231 on FARO-ZdeMacBook-Pro.local with PID 46270 (/Users/faro_z/文件/坚果云/编程代码存储路径/java/项目开发/宠物识别/target/classes started by faro_z in /Users/faro_z/文件/坚果云/编程代码存储路径/java/项目开发/宠物识别)
2021-04-20 23:37:02.693 INFO  petfind.config.PetFindApplication                 :675  [32m                  [0;39m No active profile set, falling back to default profiles: default
2021-04-20 23:37:02.741 INFO  o.s.b.d.env.DevToolsPropertyDefaultsPostProcessor :255  [32m                  [0;39m Devtools property defaults active! Set 'spring.devtools.add-properties' to 'false' to disable
2021-04-20 23:37:02.742 INFO  o.s.b.d.env.DevToolsPropertyDefaultsPostProcessor :255  [32m                  [0;39m For additional web related logging consider setting the 'logging.level.web' property to 'DEBUG'
2021-04-20 23:37:03.892 INFO  o.s.boot.web.embedded.tomcat.TomcatWebServer      :108  [32m                  [0;39m Tomcat initialized with port(s): 9000 (http)
2021-04-20 23:37:03.900 INFO  org.apache.coyote.http11.Http11NioProtocol        :173  [32m                  [0;39m Initializing ProtocolHandler ["http-nio-9000"]
2021-04-20 23:37:03.900 INFO  org.apache.catalina.core.StandardService          :173  [32m                  [0;39m Starting service [Tomcat]
2021-04-20 23:37:03.901 INFO  org.apache.catalina.core.StandardEngine           :173  [32m                  [0;39m Starting Servlet engine: [Apache Tomcat/9.0.45]
2021-04-20 23:37:03.949 INFO  o.a.c.core.ContainerBase.[Tomcat].[localhost].[/] :173  [32m                  [0;39m Initializing Spring embedded WebApplicationContext
2021-04-20 23:37:03.949 INFO  o.s.b.w.s.c.ServletWebServerApplicationContext    :289  [32m                  [0;39m Root WebApplicationContext: initialization completed in 1206 ms
2021-04-20 23:37:04.486 INFO  o.s.scheduling.concurrent.ThreadPoolTaskExecutor  :181  [32m                  [0;39m Initializing ExecutorService 'applicationTaskExecutor'
2021-04-20 23:37:04.720 INFO  o.s.b.d.autoconfigure.OptionalLiveReloadServer    :58   [32m                  [0;39m LiveReload server is running on port 35729
2021-04-20 23:37:04.748 INFO  org.apache.coyote.http11.Http11NioProtocol        :173  [32m                  [0;39m Starting ProtocolHandler ["http-nio-9000"]
2021-04-20 23:37:04.780 INFO  o.s.boot.web.embedded.tomcat.TomcatWebServer      :220  [32m                  [0;39m Tomcat started on port(s): 9000 (http) with context path ''
2021-04-20 23:37:04.790 INFO  petfind.config.PetFindApplication                 :61   [32m                  [0;39m Started PetFindApplication in 2.449 seconds (JVM running for 3.102)
2021-04-20 23:41:53.800 INFO  o.s.scheduling.concurrent.ThreadPoolTaskExecutor  :218  [32m                  [0;39m Shutting down ExecutorService 'applicationTaskExecutor'
2021-04-20 23:41:58.141 INFO  org.hibernate.validator.internal.util.Version     :21   [32m                  [0;39m HV000001: Hibernate Validator 6.1.7.Final
2021-04-20 23:41:58.146 INFO  petfind.config.PetFindApplication                 :55   [32m                  [0;39m Starting PetFindApplication using Java 1.8.0_231 on FARO-ZdeMacBook-Pro.local with PID 46372 (/Users/faro_z/文件/坚果云/编程代码存储路径/java/项目开发/宠物识别/target/classes started by faro_z in /Users/faro_z/文件/坚果云/编程代码存储路径/java/项目开发/宠物识别)
2021-04-20 23:41:58.147 INFO  petfind.config.PetFindApplication                 :675  [32m                  [0;39m No active profile set, falling back to default profiles: default
2021-04-20 23:41:58.190 INFO  o.s.b.d.env.DevToolsPropertyDefaultsPostProcessor :255  [32m                  [0;39m Devtools property defaults active! Set 'spring.devtools.add-properties' to 'false' to disable
2021-04-20 23:41:58.190 INFO  o.s.b.d.env.DevToolsPropertyDefaultsPostProcessor :255  [32m                  [0;39m For additional web related logging consider setting the 'logging.level.web' property to 'DEBUG'
2021-04-20 23:41:59.377 INFO  o.s.boot.web.embedded.tomcat.TomcatWebServer      :108  [32m                  [0;39m Tomcat initialized with port(s): 9000 (http)
2021-04-20 23:41:59.384 INFO  org.apache.coyote.http11.Http11NioProtocol        :173  [32m                  [0;39m Initializing ProtocolHandler ["http-nio-9000"]
2021-04-20 23:41:59.385 INFO  org.apache.catalina.core.StandardService          :173  [32m                  [0;39m Starting service [Tomcat]
2021-04-20 23:41:59.386 INFO  org.apache.catalina.core.StandardEngine           :173  [32m                  [0;39m Starting Servlet engine: [Apache Tomcat/9.0.45]
2021-04-20 23:41:59.442 INFO  o.a.c.core.ContainerBase.[Tomcat].[localhost].[/] :173  [32m                  [0;39m Initializing Spring embedded WebApplicationContext
2021-04-20 23:41:59.443 INFO  o.s.b.w.s.c.ServletWebServerApplicationContext    :289  [32m                  [0;39m Root WebApplicationContext: initialization completed in 1251 ms
2021-04-20 23:41:59.993 INFO  o.s.scheduling.concurrent.ThreadPoolTaskExecutor  :181  [32m                  [0;39m Initializing ExecutorService 'applicationTaskExecutor'
2021-04-20 23:42:00.280 INFO  o.s.b.d.autoconfigure.OptionalLiveReloadServer    :58   [32m                  [0;39m LiveReload server is running on port 35729
2021-04-20 23:42:00.299 INFO  org.apache.coyote.http11.Http11NioProtocol        :173  [32m                  [0;39m Starting ProtocolHandler ["http-nio-9000"]
2021-04-20 23:42:00.325 INFO  o.s.boot.web.embedded.tomcat.TomcatWebServer      :220  [32m                  [0;39m Tomcat started on port(s): 9000 (http) with context path ''
2021-04-20 23:42:00.335 INFO  petfind.config.PetFindApplication                 :61   [32m                  [0;39m Started PetFindApplication in 2.539 seconds (JVM running for 3.27)
2021-04-20 23:46:52.527 INFO  o.s.scheduling.concurrent.ThreadPoolTaskExecutor  :218  [32m                  [0;39m Shutting down ExecutorService 'applicationTaskExecutor'
2021-04-20 23:46:56.734 INFO  org.hibernate.validator.internal.util.Version     :21   [32m                  [0;39m HV000001: Hibernate Validator 6.1.7.Final
2021-04-20 23:46:56.764 INFO  petfind.config.PetFindApplication                 :55   [32m                  [0;39m Starting PetFindApplication using Java 1.8.0_231 on FARO-ZdeMacBook-Pro.local with PID 46561 (/Users/faro_z/文件/坚果云/编程代码存储路径/java/项目开发/宠物识别/target/classes started by faro_z in /Users/faro_z/文件/坚果云/编程代码存储路径/java/项目开发/宠物识别)
2021-04-20 23:46:56.765 INFO  petfind.config.PetFindApplication                 :675  [32m                  [0;39m No active profile set, falling back to default profiles: default
2021-04-20 23:46:56.827 INFO  o.s.b.d.env.DevToolsPropertyDefaultsPostProcessor :255  [32m                  [0;39m Devtools property defaults active! Set 'spring.devtools.add-properties' to 'false' to disable
2021-04-20 23:46:56.827 INFO  o.s.b.d.env.DevToolsPropertyDefaultsPostProcessor :255  [32m                  [0;39m For additional web related logging consider setting the 'logging.level.web' property to 'DEBUG'
2021-04-20 23:46:58.299 INFO  o.s.boot.web.embedded.tomcat.TomcatWebServer      :108  [32m                  [0;39m Tomcat initialized with port(s): 9000 (http)
2021-04-20 23:46:58.307 INFO  org.apache.coyote.http11.Http11NioProtocol        :173  [32m                  [0;39m Initializing ProtocolHandler ["http-nio-9000"]
2021-04-20 23:46:58.307 INFO  org.apache.catalina.core.StandardService          :173  [32m                  [0;39m Starting service [Tomcat]
2021-04-20 23:46:58.308 INFO  org.apache.catalina.core.StandardEngine           :173  [32m                  [0;39m Starting Servlet engine: [Apache Tomcat/9.0.45]
2021-04-20 23:46:58.355 INFO  o.a.c.core.ContainerBase.[Tomcat].[localhost].[/] :173  [32m                  [0;39m Initializing Spring embedded WebApplicationContext
2021-04-20 23:46:58.355 INFO  o.s.b.w.s.c.ServletWebServerApplicationContext    :289  [32m                  [0;39m Root WebApplicationContext: initialization completed in 1527 ms
2021-04-20 23:46:58.838 INFO  o.s.scheduling.concurrent.ThreadPoolTaskExecutor  :181  [32m                  [0;39m Initializing ExecutorService 'applicationTaskExecutor'
2021-04-20 23:46:59.082 INFO  o.s.b.d.autoconfigure.OptionalLiveReloadServer    :58   [32m                  [0;39m LiveReload server is running on port 35729
2021-04-20 23:46:59.099 INFO  org.apache.coyote.http11.Http11NioProtocol        :173  [32m                  [0;39m Starting ProtocolHandler ["http-nio-9000"]
2021-04-20 23:46:59.124 INFO  o.s.boot.web.embedded.tomcat.TomcatWebServer      :220  [32m                  [0;39m Tomcat started on port(s): 9000 (http) with context path ''
2021-04-20 23:46:59.133 INFO  petfind.config.PetFindApplication                 :61   [32m                  [0;39m Started PetFindApplication in 2.837 seconds (JVM running for 3.834)
